Log file open, 04/28/15 15:51:47
LogInit:Display: Running engine for game: BananaCo2
LogInit: Version: 4.7.6-2513093+++depot+UE4-Releases+4.7
LogInit: API Version: 2455222
LogInit: Compiled (64-bit): Apr 15 2015 12:09:54
LogInit: Compiled with Visual C++: 18.00.21005.01
LogInit: Build Configuration: Development
LogInit: Branch Name: ++depot+UE4-Releases+4.7
LogInit: Command line:  
LogInit: Base directory: D:/Epic Games/4.7/Engine/Binaries/Win64/
LogInit: Rocket: 1
[2015.04.28-14.51.47:725][  0]LogTaskGraph: Started task graph with 3 named threads and 4 total threads.
[2015.04.28-14.51.47:756][  0]LogOnline:Warning: No default platform service specified for OnlineSubsystem
[2015.04.28-14.51.47:766][  0]LogInit: Presizing for 0 objects not considered by GC, pre-allocating 0 bytes.
[2015.04.28-14.51.47:775][  0]LogInit: Object subsystem initialized
[2015.04.28-14.51.47:777][  0]LogConsoleResponse:Warning: Skipping Unknown console variable: 'TranslucentSortAxis = (X=0.000000,Y=-1.000000,Z=0.000000)'
[2015.04.28-14.51.47:777][  0]LogConsoleResponse:Warning:   Found in ini file 'C:/Users/Asus/Documents/Unreal Projects/BananaCo2/Saved/Config/Windows/Engine.ini', in section '[/Script/Engine.RendererSettings]'
[2015.04.28-14.51.47:777][  0]LogConsoleResponse:Warning: Skipping Unknown console variable: 'UIScaleRule = ShortestSide'
[2015.04.28-14.51.47:777][  0]LogConsoleResponse:Warning:   Found in ini file 'C:/Users/Asus/Documents/Unreal Projects/BananaCo2/Saved/Config/Windows/Engine.ini', in section '[/Script/Engine.RendererSettings]'
[2015.04.28-14.51.47:777][  0]LogConsoleResponse:Warning: Skipping Unknown console variable: 'UIScaleCurve = (EditorCurveData=(Keys=),ExternalCurve=None)'
[2015.04.28-14.51.47:777][  0]LogConsoleResponse:Warning:   Found in ini file 'C:/Users/Asus/Documents/Unreal Projects/BananaCo2/Saved/Config/Windows/Engine.ini', in section '[/Script/Engine.RendererSettings]'
[2015.04.28-14.51.47:777][  0]LogInit: Selected Device Profile: [Windows]
[2015.04.28-14.51.47:777][  0]LogInit: Applying CVar settings loaded from the selected device profile: [Windows]
[2015.04.28-14.51.47:782][  0]LogInit: Computer: ASUSNB
[2015.04.28-14.51.47:782][  0]LogInit: User: CommanderB95
[2015.04.28-14.51.47:782][  0]LogInit: CPU Page size=4096, Cores=2
[2015.04.28-14.51.47:782][  0]LogInit: High frequency timer resolution =2.338338 MHz
[2015.04.28-14.51.47:783][  0]LogMemory: Memory total: Physical=7.9GB (8GB approx) Virtual=131072.0GB
[2015.04.28-14.51.47:783][  0]LogMemory: Platform Memory Stats for Windows
[2015.04.28-14.51.47:783][  0]LogMemory: Process Physical Memory: 46.06 MB used, 46.06 MB peak
[2015.04.28-14.51.47:783][  0]LogMemory: Process Virtual Memory: 24.34 MB used, 24.35 MB peak
[2015.04.28-14.51.47:783][  0]LogMemory: Physical Memory: 2543.74 MB used, 8075.18 MB total
[2015.04.28-14.51.47:783][  0]LogMemory: Virtual Memory: 298.63 MB used, 134217728.00 MB total
[2015.04.28-14.51.47:822][  0]LogD3D11RHI: Found D3D11 adapter 0: Intel(R) HD Graphics Family (Feature Level 11_0)
[2015.04.28-14.51.47:822][  0]LogD3D11RHI: Adapter has 32MB of dedicated video memory, 0MB of dedicated system memory, and 1760MB of shared system memory, 1 output[s]
[2015.04.28-14.51.47:842][  0]LogD3D11RHI: Found D3D11 adapter 1: NVIDIA GeForce GT 745M   (Feature Level 11_0)
[2015.04.28-14.51.47:842][  0]LogD3D11RHI: Adapter has 1990MB of dedicated video memory, 0MB of dedicated system memory, and 2048MB of shared system memory, 0 output[s]
[2015.04.28-14.51.47:843][  0]LogD3D11RHI: Found D3D11 adapter 2: Microsoft Basic Render Driver (Feature Level 11_0)
[2015.04.28-14.51.47:843][  0]LogD3D11RHI: Adapter has 0MB of dedicated video memory, 0MB of dedicated system memory, and 256MB of shared system memory, 0 output[s]
[2015.04.28-14.51.47:843][  0]LogD3D11RHI: Chosen D3D11 Adapter Id = 0
[2015.04.28-14.51.47:850][  0]LogRHI: Texture pool is 1361 MB (70% of 1945 MB)
[2015.04.28-14.51.47:864][  0]LogD3D11RHI: Async texture creation enabled
[2015.04.28-14.51.47:927][  0]LogTextLocalizationManager: The requested culture ('pt_PT') has no localization data; falling back to 'en' for localization and internationalization data.
[2015.04.28-14.51.48:021][  0]LogTextLocalizationManager:Warning: Loading localization resources contain conflicting entries for (Namespace:UICommands, Key:Save_ToolTip):
Resource: (D:/Epic Games/4.7/Engine/Content/Localization/Editor/en/Editor.locres) Hash: (-29098895) String: (Saves the current level to disk)
Resource: (D:/Epic Games/4.7/Engine/Content/Localization/Engine/en/Engine.locres) Hash: (-1280300587) String: (Save selected data to vlog file)
[2015.04.28-14.51.48:021][  0]LogTextLocalizationManager:Warning: Loading localization resources contain conflicting entries for (Namespace:ContentBrowser, Key:ImportAssetToolTip):
Resource: (D:/Epic Games/4.7/Engine/Content/Localization/Editor/en/Editor.locres) Hash: (-630476809) String: (Import to {0}...)
Resource: (D:/Epic Games/4.7/Engine/Content/Localization/Editor/en/Editor.locres) Hash: (1271782899) String: (Imports an asset from file to this folder.)
[2015.04.28-14.51.48:116][  0]LogContentStreaming: Texture pool size is 0.000000MB
[2015.04.28-14.51.50:356][  0]LogTargetPlatformManager:Display: Building Assets For Windows
[2015.04.28-14.51.50:895][  0]LogTargetPlatformManager:Display: Building Assets For Windows
[2015.04.28-14.51.50:948][  0]LogDerivedDataCache:Display: Max Cache Size: 512 MB
[2015.04.28-14.51.50:996][  0]LogDerivedDataCache: Loaded boot cache 0.05s 39MB C:/Users/Asus/AppData/Local/UnrealEngine/4.7/DerivedDataCache/Boot.ddc.
[2015.04.28-14.51.50:996][  0]LogDerivedDataCache:Display: Loaded Boot cache: C:/Users/Asus/AppData/Local/UnrealEngine/4.7/DerivedDataCache/Boot.ddc
[2015.04.28-14.51.50:996][  0]LogDerivedDataCache: FDerivedDataBackendGraph:  Pak pak cache file C:/Users/Asus/Documents/Unreal Projects/BananaCo2/DerivedDataCache/DDC.ddp not found, will not use a pak cache.
[2015.04.28-14.51.50:996][  0]LogDerivedDataCache: Unable to find inner node Pak for hierarchical cache Hierarchy.
[2015.04.28-14.51.51:117][  0]LogDerivedDataCache:Display: Pak cache opened for reading ../../../Engine/DerivedDataCache/Compressed.ddp.
[2015.04.28-14.51.51:129][  0]LogDerivedDataCache: Using Local data cache path C:/Users/Asus/AppData/Local/UnrealEngine/Common/DerivedDataCache: Writable
[2015.04.28-14.51.51:398][  0]LogMeshUtilities: No automatic mesh reduction module available
[2015.04.28-14.51.51:398][  0]LogMeshUtilities: No automatic mesh merging module available
[2015.04.28-14.51.51:806][  0]LogInit: WinSock: version 1.1 (2.2), MaxSocks=32767, MaxUdp=65467
[2015.04.28-14.51.51:883][  0]LogSlate:Warning: Failed to load font data from '../../../Engine/Content/Slate/Fonts/Roboto-Italic.ttf'
[2015.04.28-14.51.52:719][  0]UdpMessaging: Initializing bridge on interface 0.0.0.0:0 to multicast group 230.0.0.1:6666.
[2015.04.28-14.51.52:894][  0]SourceControl: Info Source control is disabled
[2015.04.28-14.51.52:894][  0]SourceControl: Info Source control is disabled
[2015.04.28-14.51.52:894][  0]SourceControl: Info Source control is disabled
[2015.04.28-14.51.52:894][  0]LogSourceControl: RunCommandInternalRaw: 'git version'
[2015.04.28-14.51.52:894][  0]LogSourceControl: RunCommandInternalRaw: ExecProcess ReturnCode=2 OutResults=''
[2015.04.28-14.51.52:901][  0]SourceControl: Info Source control is disabled
[2015.04.28-14.51.53:050][  0]LogObj: 24232 objects as part of root set at end of initial load.
[2015.04.28-14.51.53:050][  0]LogUObjectAllocator: 5137176 out of 0 bytes used by permanent object pool.
[2015.04.28-14.51.53:130][  0]LogEngine: Initializing Engine...
[2015.04.28-14.51.55:292][  0]LogInit: XAudio2 using 'Speakers (Realtek High Definition Audio)' : 2 channels at 48 kHz using 32 bits per sample (channel mask 0x3)
[2015.04.28-14.51.55:435][  0]LogInit: FAudioDevice initialized.
[2015.04.28-14.51.55:467][  0]LogAIModule: Creating AISystem for world NewWorld
[2015.04.28-14.51.55:495][  0]LogDerivedDataCache: Saved boot cache 0.03s 39MB C:/Users/Asus/AppData/Local/UnrealEngine/4.7/DerivedDataCache/Boot.ddc.
[2015.04.28-14.51.55:499][  0]LogInit: Texture streaming: Enabled
[2015.04.28-14.51.55:583][  0]LogAnalytics: Creating configured Analytics provider AnalyticsET
[2015.04.28-14.51.55:583][  0]LogAnalytics: ET APIKey = Rocket.Release. APIServer = http://et2.epicgames.com/ET2/. AppVersion = 4.7.6-2513093+++depot+UE4-Releases+4.7
[2015.04.28-14.51.55:583][  0]LogAnalytics: ET APIKey = Rocket.Release. DataRouterUploadURL = https://datarouter-public-service-gamedev.ol.epicgames.net/datarouter/api/v1/public/data. AppVersion = 4.7.6-2513093+++depot+UE4-Releases+4.7
[2015.04.28-14.51.55:583][  0]LogAnalytics: SetUserId d65acd3642554565ee7721903fbb8f5f|f8daa130135145a48eec102745531689|44cc4c6b-42ff-41e0-a96a-cbac31ae2b44
[2015.04.28-14.51.55:584][  0]LogAnalytics: AnalyticsET::StartSession [Rocket.Release]
[2015.04.28-14.51.55:607][  0]LogInit: Transaction tracking system initialized
[2015.04.28-14.51.55:783][  0]BlueprintLog: New page: Editor Load
[2015.04.28-14.51.55:814][  0]LogAssetRegistry: FAssetRegistry took 0.0109 seconds to start up
[2015.04.28-14.51.55:814][  0]LogDirectoryWatcher:Warning: Failed to begin reading directory changes for ../../../Engine/Plugins/Experimental/CharacterAI/Content/. Error: 0
[2015.04.28-14.51.56:447][  0]LogTargetPlatformManager:Display: Building Assets For Windows
[2015.04.28-14.51.56:896][  0]LogTargetPlatformManager:Display: Building Assets For Windows
[2015.04.28-14.51.57:122][  0]LogSlate:Warning: Failed to load font data from '../../../Engine/Content/Editor/Slate/Fonts/Roboto-Regular.ttf'
[2015.04.28-14.51.57:122][  0]LogSlate:Warning: Failed to load font data from '../../../Engine/Content/Editor/Slate/Fonts/Roboto-Bold.ttf'
[2015.04.28-14.51.57:126][  0]LogConsoleResponse:Display: 
[2015.04.28-14.51.57:266][  0]LogCook:Display: Done creating registry. It took  0.00s.
[2015.04.28-14.51.57:393][  0]SourceControl: Info Source control is disabled
[2015.04.28-14.51.57:393][  0]Cmd: MAP LOAD FILE="C:/Users/Asus/Documents/Unreal Projects/BananaCo2/Content/StarterContent/Maps/Minimal_Default.umap" TEMPLATE=0 SHOWPROGRESS=1 FEATURELEVEL=3
[2015.04.28-14.51.57:393][  0]LogEditorServer:Warning: Can't find file 'C:/Users/Asus/Documents/Unreal Projects/BananaCo2/Content/StarterContent/Maps/Minimal_Default.umap'
[2015.04.28-14.51.57:393][  0]Cmd: MAP CHECKDEP
[2015.04.28-14.51.57:393][  0]MapCheck: New page: Untitled_0 - Apr 28, 2015, 4:51:57 PM
[2015.04.28-14.51.57:459][  0]MapCheck: Info Map check complete: 0 Error(s), 0 Warning(s), took 65.443ms to complete.
[2015.04.28-14.51.57:459][  0]LogFileHelpers: Loading map 'Minimal_Default' took 0.066
[2015.04.28-14.51.57:536][  0]LogCollectionManager: Loaded 0 collections in 0.001097 seconds
[2015.04.28-14.51.57:544][  0]LogContentBrowser: Native class hierarchy populated in 0.0080 seconds. Added 1696 classes and 261 folders.
[2015.04.28-14.51.57:613][  0]LogContentBrowser: Native class hierarchy updated for 'SceneOutliner' in 0.0013 seconds. Added 1 classes and 2 folders.
[2015.04.28-14.51.57:674][  0]LogCrashTracker: Crashtracker disabled due to settings.
[2015.04.28-14.51.57:675][  0]LogSlate:Warning: Failed to load font data from 'Veranda'
[2015.04.28-14.51.57:682][  0]LogUObjectGlobals:Warning: Failed to find object 'Class None.'
[2015.04.28-14.51.57:712][  0]LogLoad: Full Startup: 11.71 seconds (BP compile: 0.00 seconds)
[2015.04.28-14.51.58:120][  0]LogContentBrowser:Verbose: The content browser source was changed by the sources view to '/Game/DemoRoom/Meshes'
[2015.04.28-14.51.58:244][  0]LogRenderer:Warning: Reallocating scene render targets to support 32x32 (Frame:2).
[2015.04.28-14.51.58:342][  0]LogRenderer:Warning: Reallocating scene render targets to support 776x616 (Frame:6).
[2015.04.28-14.51.59:819][  5]LogAssetRegistry: Asset discovery search completed in 4.0161 seconds
[2015.04.28-14.52.58:148][181]LogHttp:Warning: Response payload was 0 bytes, content-length indicated (1201) bytes. 000000BE82E55440
[2015.04.28-14.54.05:486][543]Cmd: MAP LOAD FILE="C:/Users/Asus/Documents/Unreal Projects/BananaCo2/Content/Levels/TheLab.umap" TEMPLATE=0 SHOWPROGRESS=1 FEATURELEVEL=3
[2015.04.28-14.54.05:547][543]LightingResults: New page: Lighting Build
[2015.04.28-14.54.05:560][543]LogContentBrowser: Native class hierarchy updated for 'StatsViewer' in 0.0023 seconds. Added 5 classes and 0 folders.
[2015.04.28-14.54.05:626][543]LoadErrors: New page: Loading map: TheLab.umap
[2015.04.28-14.54.05:626][543]MapCheck: New page: Map Check
[2015.04.28-14.54.05:626][543]LightingResults: New page: Lighting Build
[2015.04.28-14.54.05:642][543]LogParticles: Destroying 0 GPU particle simulations for FXSystem 0x000000BF80102980
[2015.04.28-14.54.06:661][543]LogBlueprint:Warning: [compiler] Warning InputAction Event references unknown Action 'Crouch' for  InputAction Crouch 
[2015.04.28-14.54.06:672][543]LogBlueprint:Warning: [compiler] Warning [0140.67] Compile of ASP_Character successful, but with 1 Warning(s) [in 39 ms]
[2015.04.28-14.54.06:672][543]LogBlueprint:Warning: [compiler] Warning [0140.67] Compile of ASP_Character successful, but with 2 Warning(s) [in 0 ms]
[2015.04.28-14.54.06:673][543]LogBlueprint:Warning: [compiler] Warning [0140.67] Compile of ASP_Character successful, but with 3 Warning(s) [in 0 ms]
[2015.04.28-14.54.06:673][543]LogBlueprint:Warning: [compiler] Warning [0140.67] Compile of ASP_Character successful, but with 4 Warning(s) [in 0 ms]
[2015.04.28-14.54.07:460][543]LogBlueprint:Warning: [compiler] Warning InputAction Event references unknown Action 'Crouch' for  InputAction Crouch 
[2015.04.28-14.54.07:471][543]LogBlueprint:Warning: [compiler] Warning [0141.47] Compile of ASP_Character successful, but with 1 Warning(s) [in 36 ms]
[2015.04.28-14.54.07:471][543]LogBlueprint:Warning: [compiler] Warning [0141.47] Compile of ASP_Character successful, but with 2 Warning(s) [in 0 ms]
[2015.04.28-14.54.08:071][543]LogLinker:Warning: Can't find file '/Game/ExampleContent/Audio/Physical_Materials/Rubber'
[2015.04.28-14.54.08:071][543]LogLinker:Warning: Can't find file for asset '/Game/ExampleContent/Audio/Physical_Materials/Rubber' while loading C:/Users/Asus/Documents/Unreal Projects/BananaCo2/Content/DemoRoom/Materials/M_DemoWall_Inst.uasset.
[2015.04.28-14.54.08:071][543]LoadErrors:Error: Error /Game/DemoRoom/Materials/M_DemoWall_Inst : Can't find file for asset. /Game/ExampleContent/Audio/Physical_Materials/Rubber
[2015.04.28-14.54.08:072][543]LogLinker:Warning: Can't find file '/Game/ExampleContent/Audio/Physical_Materials/Rubber'
[2015.04.28-14.54.08:072][543]LogLinker:Warning: Can't find file for asset '/Game/ExampleContent/Audio/Physical_Materials/Rubber' while loading C:/Users/Asus/Documents/Unreal Projects/BananaCo2/Content/DemoRoom/Materials/M_DemoWall_Inst.uasset.
[2015.04.28-14.54.08:073][543]LogLinker:Warning: Can't find file '/Game/ExampleContent/Audio/Physical_Materials/Metal'
[2015.04.28-14.54.08:073][543]LogLinker:Warning: Can't find file for asset '/Game/ExampleContent/Audio/Physical_Materials/Metal' while loading C:/Users/Asus/Documents/Unreal Projects/BananaCo2/Content/DemoRoom/Materials/M_DemoWall_Inst_3.uasset.
[2015.04.28-14.54.08:073][543]LoadErrors:Error: Error /Game/DemoRoom/Materials/M_DemoWall_Inst_3 : Can't find file for asset. /Game/ExampleContent/Audio/Physical_Materials/Metal
[2015.04.28-14.54.08:073][543]LogLinker:Warning: Can't find file '/Game/ExampleContent/Audio/Physical_Materials/Metal'
[2015.04.28-14.54.08:073][543]LogLinker:Warning: Can't find file for asset '/Game/ExampleContent/Audio/Physical_Materials/Metal' while loading C:/Users/Asus/Documents/Unreal Projects/BananaCo2/Content/DemoRoom/Materials/M_DemoWall_Inst_3.uasset.
[2015.04.28-14.54.08:191][543]LogLinker:Warning: Can't find file '/Game/ExampleContent/Audio/Physical_Materials/Metal'
[2015.04.28-14.54.08:191][543]LogLinker:Warning: Can't find file for asset '/Game/ExampleContent/Audio/Physical_Materials/Metal' while loading C:/Users/Asus/Documents/Unreal Projects/BananaCo2/Content/DemoRoom/Materials/M_DemoWallPattern_Inst.uasset.
[2015.04.28-14.54.08:191][543]LoadErrors:Error: Error /Game/DemoRoom/Materials/M_DemoWallPattern_Inst : Can't find file for asset. /Game/ExampleContent/Audio/Physical_Materials/Metal
[2015.04.28-14.54.08:192][543]LogLinker:Warning: Can't find file '/Game/ExampleContent/Audio/Physical_Materials/Metal'
[2015.04.28-14.54.08:192][543]LogLinker:Warning: Can't find file for asset '/Game/ExampleContent/Audio/Physical_Materials/Metal' while loading C:/Users/Asus/Documents/Unreal Projects/BananaCo2/Content/DemoRoom/Materials/M_DemoWallPattern_Inst.uasset.
[2015.04.28-14.54.08:205][543]LogLinker:Warning: Can't find file '/Game/ExampleContent/Audio/Physical_Materials/Concrete'
[2015.04.28-14.54.08:205][543]LogLinker:Warning: Can't find file for asset '/Game/ExampleContent/Audio/Physical_Materials/Concrete' while loading C:/Users/Asus/Documents/Unreal Projects/BananaCo2/Content/DemoRoom/Materials/M_DemoRoomTiles_Inst.uasset.
[2015.04.28-14.54.08:205][543]LoadErrors:Error: Error /Game/DemoRoom/Materials/M_DemoRoomTiles_Inst : Can't find file for asset. /Game/ExampleContent/Audio/Physical_Materials/Concrete
[2015.04.28-14.54.08:206][543]LogLinker:Warning: Can't find file '/Game/ExampleContent/Audio/Physical_Materials/Concrete'
[2015.04.28-14.54.08:206][543]LogLinker:Warning: Can't find file for asset '/Game/ExampleContent/Audio/Physical_Materials/Concrete' while loading C:/Users/Asus/Documents/Unreal Projects/BananaCo2/Content/DemoRoom/Materials/M_DemoRoomTiles_Inst.uasset.
[2015.04.28-14.54.08:241][543]LogLinker:Warning: Can't find file '/Game/ExampleContent/Audio/Physical_Materials/Rubber'
[2015.04.28-14.54.08:241][543]LoadErrors: Info Failed to load /Game/ExampleContent/Audio/Physical_Materials/Rubber.Rubber Referenced by M_DemoWall_Inst
[2015.04.28-14.54.08:241][543]LogLinker:Warning: Can't find file for asset '/Game/ExampleContent/Audio/Physical_Materials/Rubber' while loading NULL.
[2015.04.28-14.54.08:242][543]LogLinker:Warning: Can't find file '/Game/ExampleContent/Audio/Physical_Materials/Metal'
[2015.04.28-14.54.08:242][543]LoadErrors: Info Failed to load /Game/ExampleContent/Audio/Physical_Materials/Metal.Metal Referenced by M_DemoWall_Inst_3
[2015.04.28-14.54.08:242][543]LogLinker:Warning: Can't find file for asset '/Game/ExampleContent/Audio/Physical_Materials/Metal' while loading NULL.
[2015.04.28-14.54.08:243][543]LogLinker:Warning: Can't find file '/Game/ExampleContent/Audio/Physical_Materials/Metal'
[2015.04.28-14.54.08:243][543]LoadErrors: Info Failed to load /Game/ExampleContent/Audio/Physical_Materials/Metal.Metal Referenced by M_DemoWallPattern_Inst
[2015.04.28-14.54.08:243][543]LogLinker:Warning: Can't find file for asset '/Game/ExampleContent/Audio/Physical_Materials/Metal' while loading NULL.
[2015.04.28-14.54.08:244][543]LogLinker:Warning: Can't find file '/Game/ExampleContent/Audio/Physical_Materials/Concrete'
[2015.04.28-14.54.08:245][543]LoadErrors: Info Failed to load /Game/ExampleContent/Audio/Physical_Materials/Concrete.Concrete Referenced by M_DemoRoomTiles_Inst
[2015.04.28-14.54.08:245][543]LogLinker:Warning: Can't find file for asset '/Game/ExampleContent/Audio/Physical_Materials/Concrete' while loading NULL.
[2015.04.28-14.54.08:564][543]LogEditorServer: Finished looking for orphan Actors (0.000 secs)
[2015.04.28-14.54.08:564][543]LogAIModule: Creating AISystem for world TheLab
[2015.04.28-14.54.08:603][543]Cmd: MAP CHECKDEP
[2015.04.28-14.54.08:603][543]MapCheck: New page: TheLab - Apr 28, 2015, 4:54:08 PM
[2015.04.28-14.54.08:700][543]MapCheck: Info Map check complete: 0 Error(s), 0 Warning(s), took 96.097ms to complete.
[2015.04.28-14.54.08:700][543]LogFileHelpers: Loading map 'TheLab' took 3.217
[2015.04.28-14.54.23:135][ 31]LogContentBrowser:Verbose: The content browser source was changed by the sources view to '/Game/AI'
[2015.04.28-14.54.36:213][634]LogLinker:Warning: Can't find file '/Game/YoshiCrep/FireYoshi_Mat'
[2015.04.28-14.54.36:213][634]LogLinker:Warning: Can't find file for asset '/Game/YoshiCrep/FireYoshi_Mat' while loading C:/Users/Asus/Documents/Unreal Projects/BananaCo2/Content/Yoshi/Yoshi666_DJA_.uasset.
[2015.04.28-14.54.36:213][634]LoadErrors:Error: Error /Game/Yoshi/Yoshi666_DJA_ : Can't find file for asset. /Game/YoshiCrep/FireYoshi_Mat
[2015.04.28-14.54.36:214][634]LogLinker:Warning: Can't find file '/Game/YoshiCrep/YoshiEye_DJA__Mat'
[2015.04.28-14.54.36:214][634]LogLinker:Warning: Can't find file for asset '/Game/YoshiCrep/YoshiEye_DJA__Mat' while loading C:/Users/Asus/Documents/Unreal Projects/BananaCo2/Content/Yoshi/Yoshi666_DJA_.uasset.
[2015.04.28-14.54.36:215][634]LoadErrors:Error: Error /Game/Yoshi/Yoshi666_DJA_ : Can't find file for asset. /Game/YoshiCrep/YoshiEye_DJA__Mat
[2015.04.28-14.54.36:215][634]LogLinker:Warning: Can't find file '/Game/YoshiCrep/FireYoshi_Mat'
[2015.04.28-14.54.36:215][634]LogLinker:Warning: Can't find file for asset '/Game/YoshiCrep/FireYoshi_Mat' while loading C:/Users/Asus/Documents/Unreal Projects/BananaCo2/Content/Yoshi/Yoshi666_DJA_.uasset.
[2015.04.28-14.54.36:215][634]LogLinker:Warning: Can't find file '/Game/YoshiCrep/Yoshi666_DJA__PhysicsAsset'
[2015.04.28-14.54.36:215][634]LogLinker:Warning: Can't find file for asset '/Game/YoshiCrep/Yoshi666_DJA__PhysicsAsset' while loading C:/Users/Asus/Documents/Unreal Projects/BananaCo2/Content/Yoshi/Yoshi666_DJA_.uasset.
[2015.04.28-14.54.36:215][634]LoadErrors:Error: Error /Game/Yoshi/Yoshi666_DJA_ : Can't find file for asset. /Game/YoshiCrep/Yoshi666_DJA__PhysicsAsset
[2015.04.28-14.54.36:216][634]LogLinker:Warning: Can't find file '/Game/YoshiCrep/Yoshi666_DJA__Skeleton'
[2015.04.28-14.54.36:216][634]LogLinker:Warning: Can't find file for asset '/Game/YoshiCrep/Yoshi666_DJA__Skeleton' while loading C:/Users/Asus/Documents/Unreal Projects/BananaCo2/Content/Yoshi/Yoshi666_DJA_.uasset.
[2015.04.28-14.54.36:216][634]LoadErrors:Error: Error /Game/Yoshi/Yoshi666_DJA_ : Can't find file for asset. /Game/YoshiCrep/Yoshi666_DJA__Skeleton
[2015.04.28-14.54.36:216][634]LogLinker:Warning: Can't find file '/Game/YoshiCrep/YoshiEye_DJA__Mat'
[2015.04.28-14.54.36:216][634]LogLinker:Warning: Can't find file for asset '/Game/YoshiCrep/YoshiEye_DJA__Mat' while loading C:/Users/Asus/Documents/Unreal Projects/BananaCo2/Content/Yoshi/Yoshi666_DJA_.uasset.
[2015.04.28-14.54.36:217][634]LogLinker:Warning: Can't find file '/Game/YoshiCrep/Yoshi666_DJA__PhysicsAsset'
[2015.04.28-14.54.36:217][634]LogLinker:Warning: Can't find file for asset '/Game/YoshiCrep/Yoshi666_DJA__PhysicsAsset' while loading C:/Users/Asus/Documents/Unreal Projects/BananaCo2/Content/Yoshi/Yoshi666_DJA_.uasset.
[2015.04.28-14.54.36:217][634]LogLinker:Warning: Can't find file '/Game/YoshiCrep/Yoshi666_DJA__Skeleton'
[2015.04.28-14.54.36:217][634]LogLinker:Warning: Can't find file for asset '/Game/YoshiCrep/Yoshi666_DJA__Skeleton' while loading C:/Users/Asus/Documents/Unreal Projects/BananaCo2/Content/Yoshi/Yoshi666_DJA_.uasset.
[2015.04.28-14.54.36:218][634]LogLinker:Warning: Can't find file '/Game/YoshiCrep/Yoshi666_DJA__Skeleton'
[2015.04.28-14.54.36:218][634]LoadErrors: Info Failed to load /Game/YoshiCrep/Yoshi666_DJA__Skeleton.Yoshi666_DJA__Skeleton Referenced by Yoshi666_DJA_
[2015.04.28-14.54.36:218][634]LogLinker:Warning: Can't find file for asset '/Game/YoshiCrep/Yoshi666_DJA__Skeleton' while loading NULL.
[2015.04.28-14.54.36:219][634]LogLinker:Warning: Can't find file '/Game/YoshiCrep/Yoshi666_DJA__PhysicsAsset'
[2015.04.28-14.54.36:219][634]LoadErrors: Info Failed to load /Game/YoshiCrep/Yoshi666_DJA__PhysicsAsset.Yoshi666_DJA__PhysicsAsset Referenced by Yoshi666_DJA_
[2015.04.28-14.54.36:219][634]LogLinker:Warning: Can't find file for asset '/Game/YoshiCrep/Yoshi666_DJA__PhysicsAsset' while loading NULL.
[2015.04.28-14.54.36:219][634]LogLinker:Warning: Can't find file '/Game/YoshiCrep/YoshiEye_DJA__Mat'
[2015.04.28-14.54.36:219][634]LoadErrors: Info Failed to load /Game/YoshiCrep/YoshiEye_DJA__Mat.YoshiEye_DJA__Mat Referenced by Yoshi666_DJA_
[2015.04.28-14.54.36:219][634]LogLinker:Warning: Can't find file for asset '/Game/YoshiCrep/YoshiEye_DJA__Mat' while loading NULL.
[2015.04.28-14.54.36:220][634]LogLinker:Warning: Can't find file '/Game/YoshiCrep/FireYoshi_Mat'
[2015.04.28-14.54.36:220][634]LoadErrors: Info Failed to load /Game/YoshiCrep/FireYoshi_Mat.FireYoshi_Mat Referenced by Yoshi666_DJA_
[2015.04.28-14.54.36:220][634]LogLinker:Warning: Can't find file for asset '/Game/YoshiCrep/FireYoshi_Mat' while loading NULL.
[2015.04.28-14.54.36:276][634]LogCrashTracker: 


[2015.04.28-14.54.41:691][634]LogCrashTracker: 


[2015.04.28-14.54.41:691][634]LogWindows: === Critical error: ===
Fatal error!

Unhandled Exception: EXCEPTION_ACCESS_VIOLATION reading address 0x00000020

UE4Editor-CoreUObject.dll!UObjectBase::GetFName() (0x00007fff7e9e0360) + 0 bytes [d:\buildfarm\buildmachine_++depot+ue4-releases+4.7\engine\source\runtime\coreuobject\private\uobject\uobjectbase.cpp:150]
UE4Editor-CoreUObject.dll!UObjectBaseUtility::GetName() (0x00007fff7e8a27db) + 18 bytes [d:\buildfarm\buildmachine_++depot+ue4-releases+4.7\engine\source\runtime\coreuobject\public\uobject\uobjectbaseutility.h:199]
UE4Editor-Engine.dll!USkeletalMeshComponent::ValidateAnimation() (0x00007fff7c6f4c70) + 24 bytes [d:\buildfarm\buildmachine_++depot+ue4-releases+4.7\engine\source\runtime\engine\private\skeletalmeshcomponent.cpp:1917]
UE4Editor-Engine.dll!USkeletalMeshComponent::PostEditChangeProperty() (0x00007fff7c6d902f) + 0 bytes [d:\buildfarm\buildmachine_++depot+ue4-releases+4.7\engine\source\runtime\engine\private\skeletalmeshcomponent.cpp:381]
UE4Editor-CoreUObject.dll!UObject::PostEditChangeChainProperty() (0x00007fff7e93c593) + 0 bytes [d:\buildfarm\buildmachine_++depot+ue4-releases+4.7\engine\source\runtime\coreuobject\private\uobject\obj.cpp:289]
UE4Editor-PropertyEditor.dll!FPropertyNode::NotifyPostChange() (0x00007fff78228b28) + 0 bytes [d:\buildfarm\buildmachine_++depot+ue4-releases+4.7\engine\source\editor\propertyeditor\private\propertynode.cpp:1931]
UE4Editor-PropertyEditor.dll!FPropertyValueImpl::ImportText() (0x00007fff78201f7a) + 0 bytes [d:\buildfarm\buildmachine_++depot+ue4-releases+4.7\engine\source\editor\propertyeditor\private\propertyhandleimpl.cpp:427]
UE4Editor-PropertyEditor.dll!FPropertyValueImpl::ImportText() (0x00007fff782023e7) + 27 bytes [d:\buildfarm\buildmachine_++depot+ue4-releases+4.7\engine\source\editor\propertyeditor\private\propertyhandleimpl.cpp:283]
UE4Editor-PropertyEditor.dll!FPropertyValueImpl::SendTextToObjectProperty() (0x00007fff7828a87a) + 17 bytes [d:\buildfarm\buildmachine_++depot+ue4-releases+4.7\engine\source\editor\propertyeditor\private\propertyhandleimpl.cpp:239]
UE4Editor-PropertyEditor.dll!FPropertyHandleObject::SetValue() (0x00007fff78294ea5) + 72 bytes [d:\buildfarm\buildmachine_++depot+ue4-releases+4.7\engine\source\editor\propertyeditor\private\propertyhandleimpl.cpp:2317]
UE4Editor-PropertyEditor.dll!SPropertyEditorAsset::SetValue() (0x00007fff782958ba) + 36 bytes [d:\buildfarm\buildmachine_++depot+ue4-releases+4.7\engine\source\editor\propertyeditor\private\userinterface\propertyeditor\spropertyeditorasset.cpp:446]
UE4Editor-PropertyEditor.dll!TBaseSPMethodDelegateInstance<0,SPropertyEditorAsset,0,TTypeWrapper<void> __cdecl(FAssetData const & __ptr64)>::Execute() (0x00007fff781a29ec) + 35 bytes [d:\buildfarm\buildmachine_++depot+ue4-releases+4.7\engine\source\runtime\core\public\delegates\delegateinstancesimpl_variadics.inl:282]
UE4Editor-PropertyEditor.dll!TBaseSPMethodDelegateInstance<0,SPropertyEditorAsset,0,void __cdecl(FAssetData const & __ptr64)>::ExecuteIfSafe() (0x00007fff781a7fec) + 11 bytes [d:\buildfarm\buildmachine_++depot+ue4-releases+4.7\engine\source\runtime\core\public\delegates\delegateinstancesimpl_variadics.inl:388]
UE4Editor-PropertyEditor.dll!SPropertyMenuAssetPicker::OnAssetSelected() (0x00007fff7822ac26) + 0 bytes [d:\buildfarm\buildmachine_++depot+ue4-releases+4.7\engine\source\editor\propertyeditor\private\userinterface\propertyeditor\spropertymenuassetpicker.cpp:232]
UE4Editor-PropertyEditor.dll!TBaseSPMethodDelegateInstance<0,SPropertyMenuAssetPicker,0,TTypeWrapper<void> __cdecl(FAssetData const & __ptr64)>::Execute() (0x00007fff781a36ac) + 35 bytes [d:\buildfarm\buildmachine_++depot+ue4-releases+4.7\engine\source\runtime\core\public\delegates\delegateinstancesimpl_variadics.inl:282]
UE4Editor-PropertyEditor.dll!TBaseSPMethodDelegateInstance<0,SPropertyMenuAssetPicker,0,void __cdecl(FAssetData const & __ptr64)>::ExecuteIfSafe() (0x00007fff781a875c) + 11 bytes [d:\buildfarm\buildmachine_++depot+ue4-releases+4.7\engine\source\runtime\core\public\delegates\delegateinstancesimpl_variadics.inl:388]
UE4Editor-ContentBrowser.dll!SAssetView::AssetSelectionChanged() (0x00007fff72a141dc) + 90 bytes [d:\buildfarm\buildmachine_++depot+ue4-releases+4.7\engine\source\editor\contentbrowser\private\sassetview.cpp:3056]
UE4Editor-ContentBrowser.dll!TBaseSPMethodDelegateInstance<0,SAssetView,0,TTypeWrapper<void> __cdecl(TSharedPtr<FAssetViewItem,0>,enum ESelectInfo::Type)>::Execute() (0x00007fff72a7980a) + 55 bytes [d:\buildfarm\buildmachine_++depot+ue4-releases+4.7\engine\source\runtime\core\public\delegates\delegateinstancesimpl_variadics.inl:282]
UE4Editor-ContentBrowser.dll!TBaseSPMethodDelegateInstance<0,SAssetView,0,void __cdecl(TSharedPtr<FAssetViewItem,0>,enum ESelectInfo::Type)>::ExecuteIfSafe() (0x00007fff72a85535) + 40 bytes [d:\buildfarm\buildmachine_++depot+ue4-releases+4.7\engine\source\runtime\core\public\delegates\delegateinstancesimpl_variadics.inl:388]
UE4Editor-ContentBrowser.dll!TBaseDelegate<void,TSharedPtr<FAssetViewItem,0>,enum ESelectInfo::Type>::ExecuteIfBound() (0x00007fff72a82731) + 41 bytes [d:\buildfarm\buildmachine_++depot+ue4-releases+4.7\engine\source\runtime\core\public\delegates\delegatesignatureimpl_variadics.inl:518]
UE4Editor-ContentBrowser.dll!SListView<TSharedPtr<FAssetViewItem,0> >::Private_SignalSelectionChanged() (0x00007fff72b242f5) + 33 bytes [d:\buildfarm\buildmachine_++depot+ue4-releases+4.7\engine\source\runtime\slate\public\widgets\views\slistview.h:613]
UE4Editor-ContentBrowser.dll!STableRow<TSharedPtr<FAssetViewItem,0> >::OnMouseButtonUp() (0x00007fff72b116fd) + 0 bytes [d:\buildfarm\buildmachine_++depot+ue4-releases+4.7\engine\source\runtime\slate\public\widgets\views\stablerow.h:437]
UE4Editor-Slate.dll!<lambda_de96dc3471181973108233c6db1f9843>::operator()() (0x00007fff7bb0dd7c) + 24 bytes [d:\buildfarm\buildmachine_++depot+ue4-releases+4.7\engine\source\runtime\slate\private\framework\application\slateapplication.cpp:3985]
UE4Editor-Slate.dll!FEventRouter::Route<FReply,FEventRouter::FToLeafmostPolicy,FPointerEvent,<lambda_de96dc3471181973108233c6db1f9843> >() (0x00007fff7bac8407) + 21 bytes [d:\buildfarm\buildmachine_++depot+ue4-releases+4.7\engine\source\runtime\slate\private\framework\application\slateapplication.cpp:202]
UE4Editor-Slate.dll!FSlateApplication::ProcessMouseButtonUpEvent() (0x00007fff7bb74f29) + 75 bytes [d:\buildfarm\buildmachine_++depot+ue4-releases+4.7\engine\source\runtime\slate\private\framework\application\slateapplication.cpp:3988]
UE4Editor-Slate.dll!FSlateApplication::OnMouseUp() (0x00007fff7bb64926) + 16 bytes [d:\buildfarm\buildmachine_++depot+ue4-releases+4.7\engine\source\runtime\slate\private\framework\application\slateapplication.cpp:3949]
UE4Editor-Core.dll!FWindowsApplication::ProcessDeferredMessage() (0x00007fff7edf3975) + 12 bytes [d:\buildfarm\buildmachine_++depot+ue4-releases+4.7\engine\source\runtime\core\private\windows\windowsapplication.cpp:1373]
UE4Editor-Core.dll!FWindowsApplication::DeferMessage() (0x00007fff7ede5d2e) + 74 bytes [d:\buildfarm\buildmachine_++depot+ue4-releases+4.7\engine\source\runtime\core\private\windows\windowsapplication.cpp:1669]
UE4Editor-Core.dll!FWindowsApplication::ProcessMessage() (0x00007fff7edf4d50) + 41 bytes [d:\buildfarm\buildmachine_++depot+ue4-releases+4.7\engine\source\runtime\core\private\windows\windowsapplication.cpp:742]
UE4Editor-Core.dll!FWindowsApplication::AppWndProc() (0x00007fff7ede3192) + 0 bytes [d:\buildfarm\buildmachine_++depot+ue4-releases+4.7\engine\source\runtime\core\private\windows\windowsapplication.cpp:604]
USER32.dll!UnknownFunction (0x00007fffb45e250d) + 0 bytes [UnknownFile:0]
USER32.dll!UnknownFunction (0x00007fffb45e2367) + 0 bytes [UnknownFile:0]
UE4Editor-Core.dll!FWindowsPlatformMisc::PumpMessages() (0x00007fff7ee93ec6) + 48 bytes [d:\buildfarm\buildmachine_++depot+ue4-releases+4.7\engine\source\runtime\core\private\windows\windowsplatformmisc.cpp:774]
UE4Editor.exe!FEngineLoop::Tick() (0x00007ff677cf00a9) + 8 bytes [d:\buildfarm\buildmachine_++depot+ue4-releases+4.7\engine\source\runtime\launch\private\launchengineloop.cpp:2233]
UE4Editor.exe!GuardedMain() (0x00007ff677ce267c) + 0 bytes [d:\buildfarm\buildmachine_++depot+ue4-releases+4.7\engine\source\runtime\launch\private\launch.cpp:142]
UE4Editor.exe!GuardedMainWrapper() (0x00007ff677ce26ea) + 5 bytes [d:\buildfarm\buildmachine_++depot+ue4-releases+4.7\engine\source\runtime\launch\private\windows\launchwindows.cpp:126]
UE4Editor.exe!WinMain() (0x00007ff677cf2219) + 17 bytes [d:\buildfarm\buildmachine_++depot+ue4-releases+4.7\engine\source\runtime\launch\private\windows\launchwindows.cpp:202]
UE4Editor.exe!__tmainCRTStartup() (0x00007ff677cf3159) + 21 bytes [f:\dd\vctools\crt\crtw32\dllstuff\crtexe.c:618]
KERNEL32.DLL!UnknownFunction (0x00007fffb49e13d2) + 0 bytes [UnknownFile:0]
ntdll.dll!UnknownFunction (0x00007fffb4b95444) + 0 bytes [UnknownFile:0]
ntdll.dll!UnknownFunction (0x00007fffb4b95444) + 0 bytes [UnknownFile:0]


[2015.04.28-14.54.41:805][634]LogExit: Executing StaticShutdownAfterError
[2015.04.28-14.54.41:813][634]LogWindows: FPlatformMisc::RequestExit(1)
[2015.04.28-14.54.41:813][634]Log file closed, 04/28/15 15:54:41
