Log file open, 04/23/15 16:10:13
LogInit:Display: Running engine for game: BananaCo2
LogInit: Version: 4.7.6-2513093+++depot+UE4-Releases+4.7
LogInit: API Version: 2455222
LogInit: Compiled (64-bit): Apr 15 2015 12:09:54
LogInit: Compiled with Visual C++: 18.00.21005.01
LogInit: Build Configuration: Development
LogInit: Branch Name: ++depot+UE4-Releases+4.7
LogInit: Command line:  /Temp/Autosaves/Game/Levels/UEDPCTheLab -game -PIEVIACONSOLE -ResX=1280 -ResY=720  -Multiprocess 
LogInit: Base directory: D:/Epic Games/4.7/Engine/Binaries/Win64/
LogInit: Rocket: 1
[2015.04.23-15.10.13:772][  0]LogTaskGraph: Started task graph with 3 named threads and 4 total threads.
[2015.04.23-15.10.13:803][  0]LogOnline:Warning: No default platform service specified for OnlineSubsystem
[2015.04.23-15.10.13:819][  0]LogInit: Presizing for 0 objects not considered by GC, pre-allocating 0 bytes.
[2015.04.23-15.10.13:829][  0]LogInit: Object subsystem initialized
[2015.04.23-15.10.13:831][  0]LogConsoleResponse:Warning: Skipping Unknown console variable: 'TranslucentSortAxis = (X=0.000000,Y=-1.000000,Z=0.000000)'
[2015.04.23-15.10.13:831][  0]LogConsoleResponse:Warning:   Found in ini file 'C:/Users/Asus/Documents/Unreal Projects/BananaCo2/Saved/Config/Windows/Engine.ini', in section '[/Script/Engine.RendererSettings]'
[2015.04.23-15.10.13:831][  0]LogConsoleResponse:Warning: Skipping Unknown console variable: 'UIScaleRule = ShortestSide'
[2015.04.23-15.10.13:831][  0]LogConsoleResponse:Warning:   Found in ini file 'C:/Users/Asus/Documents/Unreal Projects/BananaCo2/Saved/Config/Windows/Engine.ini', in section '[/Script/Engine.RendererSettings]'
[2015.04.23-15.10.13:831][  0]LogConsoleResponse:Warning: Skipping Unknown console variable: 'UIScaleCurve = (EditorCurveData=(Keys=),ExternalCurve=None)'
[2015.04.23-15.10.13:831][  0]LogConsoleResponse:Warning:   Found in ini file 'C:/Users/Asus/Documents/Unreal Projects/BananaCo2/Saved/Config/Windows/Engine.ini', in section '[/Script/Engine.RendererSettings]'
[2015.04.23-15.10.13:831][  0]LogInit: Selected Device Profile: [Windows]
[2015.04.23-15.10.13:831][  0]LogInit: Applying CVar settings loaded from the selected device profile: [Windows]
[2015.04.23-15.10.13:837][  0]LogInit: Computer: ASUSNB
[2015.04.23-15.10.13:837][  0]LogInit: User: CommanderB95
[2015.04.23-15.10.13:837][  0]LogInit: CPU Page size=4096, Cores=2
[2015.04.23-15.10.13:837][  0]LogInit: High frequency timer resolution =2.338334 MHz
[2015.04.23-15.10.13:838][  0]LogMemory: Memory total: Physical=7.9GB (8GB approx) Virtual=131072.0GB
[2015.04.23-15.10.13:838][  0]LogMemory: Platform Memory Stats for Windows
[2015.04.23-15.10.13:838][  0]LogMemory: Process Physical Memory: 45.86 MB used, 45.86 MB peak
[2015.04.23-15.10.13:838][  0]LogMemory: Process Virtual Memory: 28.21 MB used, 28.21 MB peak
[2015.04.23-15.10.13:838][  0]LogMemory: Physical Memory: 3982.81 MB used, 8075.18 MB total
[2015.04.23-15.10.13:838][  0]LogMemory: Virtual Memory: 291.92 MB used, 134217728.00 MB total
[2015.04.23-15.10.13:906][  0]LogD3D11RHI: Found D3D11 adapter 0: Intel(R) HD Graphics Family (Feature Level 11_0)
[2015.04.23-15.10.13:906][  0]LogD3D11RHI: Adapter has 32MB of dedicated video memory, 0MB of dedicated system memory, and 1760MB of shared system memory, 1 output[s]
[2015.04.23-15.10.13:933][  0]LogD3D11RHI: Found D3D11 adapter 1: NVIDIA GeForce GT 745M   (Feature Level 11_0)
[2015.04.23-15.10.13:933][  0]LogD3D11RHI: Adapter has 1990MB of dedicated video memory, 0MB of dedicated system memory, and 2048MB of shared system memory, 0 output[s]
[2015.04.23-15.10.13:936][  0]LogD3D11RHI: Found D3D11 adapter 2: Microsoft Basic Render Driver (Feature Level 11_0)
[2015.04.23-15.10.13:936][  0]LogD3D11RHI: Adapter has 0MB of dedicated video memory, 0MB of dedicated system memory, and 256MB of shared system memory, 0 output[s]
[2015.04.23-15.10.13:936][  0]LogD3D11RHI: Chosen D3D11 Adapter Id = 0
[2015.04.23-15.10.13:945][  0]LogRHI: Texture pool is 1361 MB (70% of 1945 MB)
[2015.04.23-15.10.13:964][  0]LogD3D11RHI: Async texture creation enabled
[2015.04.23-15.10.14:032][  0]LogTextLocalizationManager: The requested culture ('pt_PT') has no localization data; falling back to 'en' for localization and internationalization data.
[2015.04.23-15.10.14:147][  0]LogTextLocalizationManager:Warning: Loading localization resources contain conflicting entries for (Namespace:UICommands, Key:Save_ToolTip):
Resource: (D:/Epic Games/4.7/Engine/Content/Localization/Editor/en/Editor.locres) Hash: (-29098895) String: (Saves the current level to disk)
Resource: (D:/Epic Games/4.7/Engine/Content/Localization/Engine/en/Engine.locres) Hash: (-1280300587) String: (Save selected data to vlog file)
[2015.04.23-15.10.14:147][  0]LogTextLocalizationManager:Warning: Loading localization resources contain conflicting entries for (Namespace:ContentBrowser, Key:ImportAssetToolTip):
Resource: (D:/Epic Games/4.7/Engine/Content/Localization/Editor/en/Editor.locres) Hash: (-630476809) String: (Import to {0}...)
Resource: (D:/Epic Games/4.7/Engine/Content/Localization/Editor/en/Editor.locres) Hash: (1271782899) String: (Imports an asset from file to this folder.)
[2015.04.23-15.10.14:261][  0]LogContentStreaming: Texture pool size is 1000.000000MB
[2015.04.23-15.10.16:485][  0]LogTargetPlatformManager:Display: Building Assets For Windows
[2015.04.23-15.10.17:049][  0]LogTargetPlatformManager:Display: Building Assets For Windows
[2015.04.23-15.10.17:105][  0]LogDerivedDataCache:Display: Max Cache Size: 512 MB
[2015.04.23-15.10.17:168][  0]LogDerivedDataCache: Loaded boot cache 0.06s 39MB C:/Users/Asus/AppData/Local/UnrealEngine/4.7/DerivedDataCache/Boot.ddc.
[2015.04.23-15.10.17:168][  0]LogDerivedDataCache:Display: Loaded Boot cache: C:/Users/Asus/AppData/Local/UnrealEngine/4.7/DerivedDataCache/Boot.ddc
[2015.04.23-15.10.17:168][  0]LogDerivedDataCache: FDerivedDataBackendGraph:  Pak pak cache file C:/Users/Asus/Documents/Unreal Projects/BananaCo2/DerivedDataCache/DDC.ddp not found, will not use a pak cache.
[2015.04.23-15.10.17:168][  0]LogDerivedDataCache: Unable to find inner node Pak for hierarchical cache Hierarchy.
[2015.04.23-15.10.17:291][  0]LogDerivedDataCache:Display: Pak cache opened for reading ../../../Engine/DerivedDataCache/Compressed.ddp.
[2015.04.23-15.10.17:304][  0]LogDerivedDataCache: Using Local data cache path C:/Users/Asus/AppData/Local/UnrealEngine/Common/DerivedDataCache: Writable
[2015.04.23-15.10.17:563][  0]LogMeshUtilities: No automatic mesh reduction module available
[2015.04.23-15.10.17:564][  0]LogMeshUtilities: No automatic mesh merging module available
[2015.04.23-15.10.17:903][  0]LogInit: WinSock: version 1.1 (2.2), MaxSocks=32767, MaxUdp=65467
[2015.04.23-15.10.18:437][  0]LogWindowsMoviePlayer: Unable to load movie: C:/Users/Asus/Documents/Unreal Projects/BananaCo2/Content/Movies/Default_Startup.mp4
[2015.04.23-15.10.18:600][  0]LogSourceControl: RunCommandInternalRaw: 'git version'
[2015.04.23-15.10.18:600][  0]LogSourceControl: RunCommandInternalRaw: ExecProcess ReturnCode=2 OutResults=''
[2015.04.23-15.10.18:629][  0]SourceControl: Info Source control is disabled
[2015.04.23-15.10.18:629][  0]SourceControl: Info Source control is disabled
[2015.04.23-15.10.18:629][  0]SourceControl: Info Source control is disabled
[2015.04.23-15.10.18:636][  0]SourceControl: Info Source control is disabled
[2015.04.23-15.10.18:718][  0]LogObj: 23971 objects as part of root set at end of initial load.
[2015.04.23-15.10.18:718][  0]LogUObjectAllocator: 4988928 out of 0 bytes used by permanent object pool.
[2015.04.23-15.10.18:795][  0]LogAutomationTest:Warning: ERR: Transient text cannot be serialized "Testing Transient serialization detection".
[2015.04.23-15.10.18:814][  0]LogEngine: Initializing Engine...
[2015.04.23-15.10.20:967][  0]LogInit: XAudio2 using 'Speakers (Realtek High Definition Audio)' : 2 channels at 48 kHz using 32 bits per sample (channel mask 0x3)
[2015.04.23-15.10.20:978][  0]LogInit: FAudioDevice initialized.
[2015.04.23-15.10.20:985][  0]LogInit: Texture streaming: Enabled
[2015.04.23-15.10.21:055][  0]LogAnalytics: Creating configured Analytics provider AnalyticsET
[2015.04.23-15.10.21:055][  0]LogAnalytics: ET APIKey = Rocket.Release. APIServer = http://et2.epicgames.com/ET2/. AppVersion = 4.7.6-2513093+++depot+UE4-Releases+4.7
[2015.04.23-15.10.21:055][  0]LogAnalytics: ET APIKey = Rocket.Release. DataRouterUploadURL = https://datarouter-public-service-gamedev.ol.epicgames.net/datarouter/api/v1/public/data. AppVersion = 4.7.6-2513093+++depot+UE4-Releases+4.7
[2015.04.23-15.10.21:055][  0]LogAnalytics: SetUserId d65acd3642554565ee7721903fbb8f5f|f8daa130135145a48eec102745531689|44cc4c6b-42ff-41e0-a96a-cbac31ae2b44
[2015.04.23-15.10.21:055][  0]LogAnalytics: AnalyticsET::StartSession [Rocket.Release]
[2015.04.23-15.10.21:078][  0]LogNet: Browse: /Temp/Autosaves/Game/Levels/UEDPCTheLab?Name=Player
[2015.04.23-15.10.21:079][  0]LogLoad: LoadMap: /Temp/Autosaves/Game/Levels/UEDPCTheLab?Name=Player
[2015.04.23-15.10.21:099][  0]LogMemory: Platform Memory Stats for Windows
[2015.04.23-15.10.21:099][  0]LogMemory: Process Physical Memory: 263.64 MB used, 287.04 MB peak
[2015.04.23-15.10.21:099][  0]LogMemory: Process Virtual Memory: 203.97 MB used, 230.90 MB peak
[2015.04.23-15.10.21:099][  0]LogMemory: Physical Memory: 4162.74 MB used, 8075.18 MB total
[2015.04.23-15.10.21:099][  0]LogMemory: Virtual Memory: 677.02 MB used, 134217728.00 MB total
[2015.04.23-15.10.21:099][  0]LogMemory: 
[2015.04.23-15.10.21:099][  0]Allocator Stats for TBB: (not implemented)
[2015.04.23-15.10.21:183][  0]LogBlueprint:Warning: [compiler] Warning InputAction Event references unknown Action 'Crouch' for  InputAction Crouch 
[2015.04.23-15.10.21:188][  0]LogBlueprint:Warning: [compiler] Warning [0009.27] Compile of ASP_Character successful, but with 1 Warning(s) [in 9 ms]
[2015.04.23-15.10.21:188][  0]LogBlueprint:Warning: [compiler] Warning [0009.27] Compile of ASP_Character successful, but with 2 Warning(s) [in 0 ms]
[2015.04.23-15.10.21:188][  0]LogBlueprint:Warning: [compiler] Warning [0009.27] Compile of ASP_Character successful, but with 3 Warning(s) [in 0 ms]
[2015.04.23-15.10.21:188][  0]LogBlueprint:Warning: [compiler] Warning [0009.27] Compile of ASP_Character successful, but with 4 Warning(s) [in 0 ms]
[2015.04.23-15.10.21:958][  0]LogBlueprint:Warning: [compiler] Warning InputAction Event references unknown Action 'Crouch' for  InputAction Crouch 
[2015.04.23-15.10.21:963][  0]LogBlueprint:Warning: [compiler] Warning [0010.04] Compile of ASP_Character successful, but with 1 Warning(s) [in 16 ms]
[2015.04.23-15.10.21:963][  0]LogBlueprint:Warning: [compiler] Warning [0010.04] Compile of ASP_Character successful, but with 2 Warning(s) [in 0 ms]
[2015.04.23-15.10.22:038][  0]LogLinker:Warning: Can't find file '/Game/ExampleContent/Audio/Physical_Materials/Metal'
[2015.04.23-15.10.22:038][  0]LoadErrors: Info Failed to load /Game/ExampleContent/Audio/Physical_Materials/Metal.Metal Referenced by M_DemoWall_Inst_3
[2015.04.23-15.10.22:038][  0]LogUObjectGlobals:Warning: Failed to load '/Game/ExampleContent/Audio/Physical_Materials/Metal': Can't find file '/Game/ExampleContent/Audio/Physical_Materials/Metal'
[2015.04.23-15.10.22:039][  0]LogLinker:Warning: Can't find file for asset '/Game/ExampleContent/Audio/Physical_Materials/Metal' while loading NULL.
[2015.04.23-15.10.22:039][  0]LoadErrors: Info Failed to load /Game/ExampleContent/Audio/Physical_Materials/Metal.Metal Referenced by M_DemoWall_Inst_3
[2015.04.23-15.10.22:039][  0]LogUObjectGlobals:Warning: Failed to load '/Game/ExampleContent/Audio/Physical_Materials/Metal': Can't find file for asset '/Game/ExampleContent/Audio/Physical_Materials/Metal' while loading NULL.
[2015.04.23-15.10.22:046][  0]LogLinker:Warning: Can't find file '/Game/ExampleContent/Audio/Physical_Materials/Concrete'
[2015.04.23-15.10.22:046][  0]LoadErrors: Info Failed to load /Game/ExampleContent/Audio/Physical_Materials/Concrete.Concrete Referenced by M_DemoRoomTiles_Inst
[2015.04.23-15.10.22:046][  0]LogUObjectGlobals:Warning: Failed to load '/Game/ExampleContent/Audio/Physical_Materials/Concrete': Can't find file '/Game/ExampleContent/Audio/Physical_Materials/Concrete'
[2015.04.23-15.10.22:047][  0]LogLinker:Warning: Can't find file for asset '/Game/ExampleContent/Audio/Physical_Materials/Concrete' while loading NULL.
[2015.04.23-15.10.22:047][  0]LoadErrors: Info Failed to load /Game/ExampleContent/Audio/Physical_Materials/Concrete.Concrete Referenced by M_DemoRoomTiles_Inst
[2015.04.23-15.10.22:047][  0]LogUObjectGlobals:Warning: Failed to load '/Game/ExampleContent/Audio/Physical_Materials/Concrete': Can't find file for asset '/Game/ExampleContent/Audio/Physical_Materials/Concrete' while loading NULL.
[2015.04.23-15.10.22:051][  0]LogLinker:Warning: Can't find file '/Game/ExampleContent/Audio/Physical_Materials/Metal'
[2015.04.23-15.10.22:052][  0]LoadErrors: Info Failed to load /Game/ExampleContent/Audio/Physical_Materials/Metal.Metal Referenced by M_DemoWallPattern_Inst
[2015.04.23-15.10.22:052][  0]LogUObjectGlobals:Warning: Failed to load '/Game/ExampleContent/Audio/Physical_Materials/Metal': Can't find file '/Game/ExampleContent/Audio/Physical_Materials/Metal'
[2015.04.23-15.10.22:052][  0]LogLinker:Warning: Can't find file for asset '/Game/ExampleContent/Audio/Physical_Materials/Metal' while loading NULL.
[2015.04.23-15.10.22:052][  0]LoadErrors: Info Failed to load /Game/ExampleContent/Audio/Physical_Materials/Metal.Metal Referenced by M_DemoWallPattern_Inst
[2015.04.23-15.10.22:052][  0]LogUObjectGlobals:Warning: Failed to load '/Game/ExampleContent/Audio/Physical_Materials/Metal': Can't find file for asset '/Game/ExampleContent/Audio/Physical_Materials/Metal' while loading NULL.
[2015.04.23-15.10.22:058][  0]LogLinker:Warning: Can't find file '/Game/ExampleContent/Audio/Physical_Materials/Rubber'
[2015.04.23-15.10.22:058][  0]LoadErrors: Info Failed to load /Game/ExampleContent/Audio/Physical_Materials/Rubber.Rubber Referenced by M_DemoWall_Inst
[2015.04.23-15.10.22:058][  0]LogUObjectGlobals:Warning: Failed to load '/Game/ExampleContent/Audio/Physical_Materials/Rubber': Can't find file '/Game/ExampleContent/Audio/Physical_Materials/Rubber'
[2015.04.23-15.10.22:059][  0]LogLinker:Warning: Can't find file for asset '/Game/ExampleContent/Audio/Physical_Materials/Rubber' while loading NULL.
[2015.04.23-15.10.22:059][  0]LoadErrors: Info Failed to load /Game/ExampleContent/Audio/Physical_Materials/Rubber.Rubber Referenced by M_DemoWall_Inst
[2015.04.23-15.10.22:059][  0]LogUObjectGlobals:Warning: Failed to load '/Game/ExampleContent/Audio/Physical_Materials/Rubber': Can't find file for asset '/Game/ExampleContent/Audio/Physical_Materials/Rubber' while loading NULL.
[2015.04.23-15.10.22:223][  0]LogWorld: Game class is 'BP_GameMode_C'
[2015.04.23-15.10.22:260][  0]LogAIModule: Creating AISystem for world TheLab
[2015.04.23-15.10.22:269][  0]LogWorld: Bringing World /Temp/Autosaves/Game/Levels/UEDPCTheLab.TheLab up for play (max tick rate 0) at 2015.04.23-16.10.22
[2015.04.23-15.10.22:271][  0]LogWorld: Bringing up level for play took: 0.010998
[2015.04.23-15.10.22:276][  0]LogInit:Display: Game Engine Initialized.
[2015.04.23-15.10.22:506][  0]LogLoad: Full Startup: 10.59 seconds (BP compile: 0.46 seconds)
[2015.04.23-15.10.22:629][  2]LogRenderer:Warning: Reallocating scene render targets to support 1280x720 (Frame:2).
[2015.04.23-15.10.29:443][256]LogPackageName: SearchForPackageOnDisk took   0.072s to resolve TheTown.umap
[2015.04.23-15.10.29:509][257]LogPackageName: SearchForPackageOnDisk took   0.064s to resolve TheTown.umap
[2015.04.23-15.10.29:509][257]LogNet: Browse: /Game/Levels/TheTown
[2015.04.23-15.10.29:509][257]LogLoad: LoadMap: /Game/Levels/TheTown
[2015.04.23-15.10.29:545][257]LogParticles: Destroying 0 GPU particle simulations for FXSystem 0x0000009BCC2F8CC0
[2015.04.23-15.10.29:574][257]LogMemory: Platform Memory Stats for Windows
[2015.04.23-15.10.29:574][257]LogMemory: Process Physical Memory: 333.90 MB used, 341.04 MB peak
[2015.04.23-15.10.29:574][257]LogMemory: Process Virtual Memory: 262.62 MB used, 270.82 MB peak
[2015.04.23-15.10.29:574][257]LogMemory: Physical Memory: 4213.20 MB used, 8075.18 MB total
[2015.04.23-15.10.29:574][257]LogMemory: Virtual Memory: 734.69 MB used, 134217728.00 MB total
[2015.04.23-15.10.29:574][257]LogMemory: 
[2015.04.23-15.10.29:574][257]Allocator Stats for TBB: (not implemented)
[2015.04.23-15.10.29:655][257]LogBlueprint:Warning: [compiler] Warning InputAction Event references unknown Action 'Crouch' for  InputAction Crouch 
[2015.04.23-15.10.29:658][257]LogBlueprint:Warning: [compiler] Warning [0017.74] Compile of ASP_Character successful, but with 1 Warning(s) [in 8 ms]
[2015.04.23-15.10.29:658][257]LogBlueprint:Warning: [compiler] Warning [0017.74] Compile of ASP_Character successful, but with 2 Warning(s) [in 0 ms]
[2015.04.23-15.10.29:659][257]LogBlueprint:Warning: [compiler] Warning [0017.74] Compile of ASP_Character successful, but with 3 Warning(s) [in 0 ms]
[2015.04.23-15.10.29:659][257]LogBlueprint:Warning: [compiler] Warning [0017.74] Compile of ASP_Character successful, but with 4 Warning(s) [in 0 ms]
[2015.04.23-15.10.30:288][257]LogBlueprint:Warning: [compiler] Warning InputAction Event references unknown Action 'Crouch' for  InputAction Crouch 
[2015.04.23-15.10.30:292][257]LogBlueprint:Warning: [compiler] Warning [0018.37] Compile of ASP_Character successful, but with 1 Warning(s) [in 9 ms]
[2015.04.23-15.10.30:292][257]LogBlueprint:Warning: [compiler] Warning [0018.37] Compile of ASP_Character successful, but with 2 Warning(s) [in 0 ms]
[2015.04.23-15.10.31:080][257]LogLinker:Warning: Can't find file '/Game/ExampleContent/Audio/Physical_Materials/Metal'
[2015.04.23-15.10.31:080][257]LoadErrors: Info Failed to load /Game/ExampleContent/Audio/Physical_Materials/Metal.Metal Referenced by M_DemoWall_Inst_3
[2015.04.23-15.10.31:080][257]LogUObjectGlobals:Warning: Failed to load '/Game/ExampleContent/Audio/Physical_Materials/Metal': Can't find file '/Game/ExampleContent/Audio/Physical_Materials/Metal'
[2015.04.23-15.10.31:081][257]LogLinker:Warning: Can't find file for asset '/Game/ExampleContent/Audio/Physical_Materials/Metal' while loading NULL.
[2015.04.23-15.10.31:081][257]LoadErrors: Info Failed to load /Game/ExampleContent/Audio/Physical_Materials/Metal.Metal Referenced by M_DemoWall_Inst_3
[2015.04.23-15.10.31:081][257]LogUObjectGlobals:Warning: Failed to load '/Game/ExampleContent/Audio/Physical_Materials/Metal': Can't find file for asset '/Game/ExampleContent/Audio/Physical_Materials/Metal' while loading NULL.
[2015.04.23-15.10.31:084][257]LogLinker:Warning: Can't find file '/Game/ExampleContent/Audio/Physical_Materials/Rubber'
[2015.04.23-15.10.31:084][257]LoadErrors: Info Failed to load /Game/ExampleContent/Audio/Physical_Materials/Rubber.Rubber Referenced by M_DemoWall_Inst
[2015.04.23-15.10.31:084][257]LogUObjectGlobals:Warning: Failed to load '/Game/ExampleContent/Audio/Physical_Materials/Rubber': Can't find file '/Game/ExampleContent/Audio/Physical_Materials/Rubber'
[2015.04.23-15.10.31:084][257]LogLinker:Warning: Can't find file for asset '/Game/ExampleContent/Audio/Physical_Materials/Rubber' while loading NULL.
[2015.04.23-15.10.31:084][257]LoadErrors: Info Failed to load /Game/ExampleContent/Audio/Physical_Materials/Rubber.Rubber Referenced by M_DemoWall_Inst
[2015.04.23-15.10.31:084][257]LogUObjectGlobals:Warning: Failed to load '/Game/ExampleContent/Audio/Physical_Materials/Rubber': Can't find file for asset '/Game/ExampleContent/Audio/Physical_Materials/Rubber' while loading NULL.
[2015.04.23-15.10.33:860][257]LogWorld: Game class is 'BP_GameMode_C'
[2015.04.23-15.10.34:450][257]LogAIModule: Creating AISystem for world TheTown
[2015.04.23-15.10.34:902][257]LogWorld: Bringing World /Game/Levels/TheTown.TheTown up for play (max tick rate 0) at 2015.04.23-16.10.34
[2015.04.23-15.10.34:904][257]LogWorld: Bringing up level for play took: 0.452889
[2015.04.23-15.10.53:917][ 76]LogBlueprintUserMessages: Hello
[2015.04.23-15.10.54:123][ 85]LogBlueprintUserMessages: Hello
[2015.04.23-15.10.54:536][103]LogBlueprintUserMessages: Hello
[2015.04.23-15.10.54:743][112]LogBlueprintUserMessages: Hello
[2015.04.23-15.10.54:949][121]LogBlueprintUserMessages: Hello
[2015.04.23-15.10.55:156][130]LogBlueprintUserMessages: Hello
[2015.04.23-15.10.55:362][139]LogBlueprintUserMessages: Hello
[2015.04.23-15.10.55:776][157]LogBlueprintUserMessages: Hello
[2015.04.23-15.10.55:984][166]LogBlueprintUserMessages: Hello
[2015.04.23-15.10.56:192][175]LogBlueprintUserMessages: Hello
[2015.04.23-15.10.56:403][184]LogBlueprintUserMessages: Hello
[2015.04.23-15.10.56:611][193]LogBlueprintUserMessages: Hello
[2015.04.23-15.10.56:820][202]LogBlueprintUserMessages: Hello
[2015.04.23-15.10.57:028][211]LogBlueprintUserMessages: Hello
[2015.04.23-15.10.57:236][220]LogBlueprintUserMessages: Hello
[2015.04.23-15.10.57:445][229]LogBlueprintUserMessages: Hello
[2015.04.23-15.10.57:653][238]LogBlueprintUserMessages: Hello
[2015.04.23-15.10.57:863][247]LogBlueprintUserMessages: Hello
[2015.04.23-15.10.58:078][256]LogBlueprintUserMessages: Hello
[2015.04.23-15.10.58:499][274]LogBlueprintUserMessages: Hello
[2015.04.23-15.10.58:710][283]LogBlueprintUserMessages: Hello
[2015.04.23-15.10.58:921][292]LogBlueprintUserMessages: Hello
[2015.04.23-15.10.59:135][301]LogBlueprintUserMessages: Hello
[2015.04.23-15.10.59:556][319]LogBlueprintUserMessages: Hello
[2015.04.23-15.10.59:769][328]LogBlueprintUserMessages: Hello
[2015.04.23-15.10.59:983][337]LogBlueprintUserMessages: Hello
[2015.04.23-15.11.07:420][642]LogBlueprintUserMessages: Hello
[2015.04.23-15.11.07:642][651]LogBlueprintUserMessages: Hello
[2015.04.23-15.11.08:726][695]LogBlueprintUserMessages: Hello
[2015.04.23-15.11.08:944][704]LogBlueprintUserMessages: Hello
[2015.04.23-15.11.09:383][722]LogBlueprintUserMessages: Hello
[2015.04.23-15.11.09:601][731]LogBlueprintUserMessages: Hello
[2015.04.23-15.11.09:820][740]LogBlueprintUserMessages: Hello
[2015.04.23-15.11.10:040][749]LogBlueprintUserMessages: Hello
[2015.04.23-15.11.13:139][872]LogEngine: All Windows Closed
[2015.04.23-15.11.13:164][872]LogWindows: FPlatformMisc::RequestExit(0)
[2015.04.23-15.11.13:190][873]LogExit: Preparing to exit.
[2015.04.23-15.11.13:327][873]LogExit: Game engine shut down
[2015.04.23-15.11.13:329][873]LogParticles: Destroying 0 GPU particle simulations for FXSystem 0x0000009BD395BC40
[2015.04.23-15.11.13:407][873]LogExit: Object subsystem successfully closed.
[2015.04.23-15.11.13:449][873]LogModuleManager: Shutting down and abandoning module AndroidDeviceDetection (106)
[2015.04.23-15.11.13:589][873]LogModuleManager: Shutting down and abandoning module AutomationWorker (105)
[2015.04.23-15.11.13:589][873]LogModuleManager: Shutting down and abandoning module CharacterAI (104)
[2015.04.23-15.11.13:589][873]LogModuleManager: Shutting down and abandoning module AITestSuite (103)
[2015.04.23-15.11.13:589][873]LogModuleManager: Shutting down and abandoning module GameplayDebugger (102)
[2015.04.23-15.11.13:589][873]LogModuleManager: Shutting down and abandoning module AIModule (101)
[2015.04.23-15.11.13:589][873]LogModuleManager: Shutting down and abandoning module GameLiveStreaming (100)
[2015.04.23-15.11.13:589][873]LogModuleManager: Shutting down and abandoning module StreamingPauseRendering (99)
[2015.04.23-15.11.13:589][873]LogModuleManager: Shutting down and abandoning module HTTP (98)
[2015.04.23-15.11.13:589][873]LogModuleManager: Shutting down and abandoning module AnalyticsET (97)
[2015.04.23-15.11.13:589][873]LogModuleManager: Shutting down and abandoning module Analytics (96)
[2015.04.23-15.11.13:589][873]LogModuleManager: Shutting down and abandoning module ProfilerService (95)
[2015.04.23-15.11.13:781][873]LogModuleManager: Shutting down and abandoning module TaskGraph (94)
[2015.04.23-15.11.13:781][873]LogModuleManager: Shutting down and abandoning module SlateRemote (93)
[2015.04.23-15.11.13:781][873]LogModuleManager: Shutting down and abandoning module CustomMeshComponent (92)
[2015.04.23-15.11.13:781][873]LogModuleManager: Shutting down and abandoning module CableComponent (91)
[2015.04.23-15.11.13:781][873]LogModuleManager: Shutting down and abandoning module DesktopPlatform (90)
[2015.04.23-15.11.13:781][873]LogModuleManager: Shutting down and abandoning module DirectoryWatcher (89)
[2015.04.23-15.11.13:781][873]LogModuleManager: Shutting down and abandoning module HotReload (88)
[2015.04.23-15.11.13:781][873]LogModuleManager: Shutting down and abandoning module VisualStudioSourceCodeAccess (87)
[2015.04.23-15.11.13:781][873]LogModuleManager: Shutting down and abandoning module UObjectPlugin (86)
[2015.04.23-15.11.13:781][873]LogModuleManager: Shutting down and abandoning module SubversionSourceControl (85)
[2015.04.23-15.11.13:781][873]LogModuleManager: Shutting down and abandoning module GitSourceControl (84)
[2015.04.23-15.11.13:781][873]LogModuleManager: Shutting down and abandoning module SourceControl (83)
[2015.04.23-15.11.13:782][873]LogModuleManager: Shutting down and abandoning module PerforceSourceControl (82)
[2015.04.23-15.11.13:782][873]LogModuleManager: Shutting down and abandoning module BlankPlugin (81)
[2015.04.23-15.11.13:782][873]LogModuleManager: Shutting down and abandoning module ScriptPlugin (80)
[2015.04.23-15.11.13:782][873]LogModuleManager: Shutting down and abandoning module UdpMessaging (79)
[2015.04.23-15.11.13:782][873]LogModuleManager: Shutting down and abandoning module Paper2D (78)
[2015.04.23-15.11.13:782][873]LogModuleManager: Shutting down and abandoning module WindowsMoviePlayer (77)
[2015.04.23-15.11.13:789][873]LogModuleManager: Shutting down and abandoning module Media (76)
[2015.04.23-15.11.13:789][873]LogModuleManager: Shutting down and abandoning module WmfMedia (75)
[2015.04.23-15.11.13:797][873]LogModuleManager: Shutting down and abandoning module OnlineBlueprintSupport (74)
[2015.04.23-15.11.13:797][873]LogModuleManager: Shutting down and abandoning module PropertyEditor (73)
[2015.04.23-15.11.13:797][873]LogModuleManager: Shutting down and abandoning module BehaviorTreeEditor (72)
[2015.04.23-15.11.13:797][873]LogModuleManager: Shutting down and abandoning module FunctionalTesting (71)
[2015.04.23-15.11.13:797][873]LogModuleManager: Shutting down and abandoning module CollisionAnalyzer (70)
[2015.04.23-15.11.13:797][873]LogModuleManager: Shutting down and abandoning module WorkspaceMenuStructure (69)
[2015.04.23-15.11.13:797][873]LogModuleManager: Shutting down and abandoning module MessageLog (68)
[2015.04.23-15.11.13:797][873]LogModuleManager: Shutting down and abandoning module Sequencer (67)
[2015.04.23-15.11.13:797][873]LogModuleManager: Shutting down and abandoning module AssetTools (66)
[2015.04.23-15.11.13:797][873]LogModuleManager: Shutting down and abandoning module UMGEditor (65)
[2015.04.23-15.11.13:797][873]LogModuleManager: Shutting down and abandoning module UMG (64)
[2015.04.23-15.11.13:797][873]LogModuleManager: Shutting down and abandoning module Slate (63)
[2015.04.23-15.11.13:797][873]LogModuleManager: Shutting down and abandoning module EditorStyle (62)
[2015.04.23-15.11.13:800][873]LogModuleManager: Shutting down and abandoning module SessionServices (61)
[2015.04.23-15.11.13:800][873]LogModuleManager: Shutting down and abandoning module SourceCodeAccess (60)
[2015.04.23-15.11.13:800][873]LogModuleManager: Shutting down and abandoning module HeadMountedDisplay (59)
[2015.04.23-15.11.13:800][873]LogModuleManager: Shutting down and abandoning module XAudio2 (58)
[2015.04.23-15.11.13:800][873]LogModuleManager: Shutting down and abandoning module Networking (56)
[2015.04.23-15.11.13:800][873]LogModuleManager: Shutting down and abandoning module Core (55)
[2015.04.23-15.11.13:800][873]LogModuleManager: Shutting down and abandoning module KismetCompiler (54)
[2015.04.23-15.11.13:800][873]LogModuleManager: Shutting down and abandoning module PhysXFormats (53)
[2015.04.23-15.11.13:800][873]LogModuleManager: Shutting down and abandoning module MeshUtilities (52)
[2015.04.23-15.11.13:800][873]LogModuleManager: Shutting down and abandoning module DerivedDataCache (51)
[2015.04.23-15.11.13:833][873]LogDerivedDataCache: Shutdown
[2015.04.23-15.11.13:833][873]LogModuleManager: Shutting down and abandoning module ShaderFormatOpenGL (50)
[2015.04.23-15.11.13:833][873]LogModuleManager: Shutting down and abandoning module ShaderFormatD3D (49)
[2015.04.23-15.11.13:834][873]LogModuleManager: Shutting down and abandoning module MetalShaderFormat (48)
[2015.04.23-15.11.13:834][873]LogModuleManager: Shutting down and abandoning module TextureFormatUncompressed (47)
[2015.04.23-15.11.13:834][873]LogModuleManager: Shutting down and abandoning module TextureFormatPVR (46)
[2015.04.23-15.11.13:834][873]LogModuleManager: Shutting down and abandoning module TextureFormatIntelISPCTexComp (45)
[2015.04.23-15.11.13:834][873]LogModuleManager: Shutting down and abandoning module TextureFormatDXT (44)
[2015.04.23-15.11.13:834][873]LogModuleManager: Shutting down and abandoning module ImageWrapper (43)
[2015.04.23-15.11.13:834][873]LogModuleManager: Shutting down and abandoning module TextureFormatASTC (42)
[2015.04.23-15.11.13:834][873]LogModuleManager: Shutting down and abandoning module TextureFormatAndroid (41)
[2015.04.23-15.11.13:834][873]LogModuleManager: Shutting down and abandoning module AudioFormatOpus (40)
[2015.04.23-15.11.13:834][873]LogModuleManager: Shutting down and abandoning module AudioFormatOgg (39)
[2015.04.23-15.11.13:834][873]LogModuleManager: Shutting down and abandoning module AudioFormatADPCM (38)
[2015.04.23-15.11.13:834][873]LogModuleManager: Shutting down and abandoning module LinuxTargetPlatform (37)
[2015.04.23-15.11.13:834][873]LogModuleManager: Shutting down and abandoning module LinuxServerTargetPlatform (36)
[2015.04.23-15.11.13:834][873]LogModuleManager: Shutting down and abandoning module LinuxNoEditorTargetPlatform (35)
[2015.04.23-15.11.13:834][873]LogModuleManager: Shutting down and abandoning module Messaging (34)
[2015.04.23-15.11.13:834][873]LogModuleManager: Shutting down and abandoning module IOSTargetPlatform (33)
[2015.04.23-15.11.13:834][873]LogModuleManager: Shutting down and abandoning module HTML5TargetPlatform (32)
[2015.04.23-15.11.13:834][873]LogModuleManager: Shutting down and abandoning module Android_PVRTCTargetPlatform (31)
[2015.04.23-15.11.13:834][873]LogModuleManager: Shutting down and abandoning module Android_ETC2TargetPlatform (30)
[2015.04.23-15.11.13:834][873]LogModuleManager: Shutting down and abandoning module Android_ETC1TargetPlatform (29)
[2015.04.23-15.11.13:834][873]LogModuleManager: Shutting down and abandoning module Android_ES31TargetPlatform (28)
[2015.04.23-15.11.13:834][873]LogModuleManager: Shutting down and abandoning module Android_DXTTargetPlatform (27)
[2015.04.23-15.11.13:834][873]LogModuleManager: Shutting down and abandoning module Android_ATCTargetPlatform (26)
[2015.04.23-15.11.13:834][873]LogModuleManager: Shutting down and abandoning module AndroidTargetPlatform (25)
[2015.04.23-15.11.13:834][873]LogModuleManager: Shutting down and abandoning module WindowsTargetPlatform (24)
[2015.04.23-15.11.13:834][873]LogModuleManager: Shutting down and abandoning module WindowsServerTargetPlatform (23)
[2015.04.23-15.11.13:834][873]LogModuleManager: Shutting down and abandoning module WindowsNoEditorTargetPlatform (22)
[2015.04.23-15.11.13:834][873]LogModuleManager: Shutting down and abandoning module WindowsClientTargetPlatform (21)
[2015.04.23-15.11.13:834][873]LogModuleManager: Shutting down and abandoning module TargetPlatform (20)
[2015.04.23-15.11.13:834][873]LogModuleManager: Shutting down and abandoning module InputCore (19)
[2015.04.23-15.11.13:834][873]LogModuleManager: Shutting down and abandoning module Settings (18)
[2015.04.23-15.11.13:834][873]LogModuleManager: Shutting down and abandoning module OnlineSubsystem (16)
[2015.04.23-15.11.13:834][873]LogModuleManager: Shutting down and abandoning module OculusRift (15)
[2015.04.23-15.11.13:834][873]LogModuleManager: Shutting down and abandoning module ExampleDeviceProfileSelector (14)
[2015.04.23-15.11.13:834][873]LogModuleManager: Shutting down and abandoning module TextureCompressor (13)
[2015.04.23-15.11.13:834][873]LogModuleManager: Shutting down and abandoning module ShaderCore (12)
[2015.04.23-15.11.13:834][873]LogModuleManager: Shutting down and abandoning module Landscape (11)
[2015.04.23-15.11.13:834][873]LogModuleManager: Shutting down and abandoning module SlateRHIRenderer (10)
[2015.04.23-15.11.13:834][873]LogModuleManager: Shutting down and abandoning module OpenGLDrv (9)
[2015.04.23-15.11.13:834][873]LogModuleManager: Shutting down and abandoning module D3D11RHI (8)
[2015.04.23-15.11.13:835][873]LogModuleManager: Shutting down and abandoning module Renderer (7)
[2015.04.23-15.11.13:835][873]LogModuleManager: Shutting down and abandoning module Engine (6)
[2015.04.23-15.11.13:835][873]LogModuleManager: Shutting down and abandoning module CoreUObject (5)
[2015.04.23-15.11.13:835][873]LogModuleManager: Shutting down and abandoning module NetworkFile (4)
[2015.04.23-15.11.13:835][873]LogModuleManager: Shutting down and abandoning module StreamingFile (3)
[2015.04.23-15.11.13:835][873]LogModuleManager: Shutting down and abandoning module SandboxFile (2)
[2015.04.23-15.11.13:835][873]LogModuleManager: Shutting down and abandoning module PakFile (1)
[2015.04.23-15.11.13:836][873]LogExit: Exiting.
[2015.04.23-15.11.13:837][873]Log file closed, 04/23/15 16:11:13
