Log file open, 05/04/15 20:38:27
LogInit:Display: Running engine for game: BananaCo2
LogInit: Version: 4.7.6-2513093+++depot+UE4-Releases+4.7
LogInit: API Version: 2455222
LogInit: Compiled (64-bit): Apr 15 2015 12:09:54
LogInit: Compiled with Visual C++: 18.00.21005.01
LogInit: Build Configuration: Development
LogInit: Branch Name: ++depot+UE4-Releases+4.7
LogInit: Command line:  
LogInit: Base directory: D:/Epic Games/4.7/Engine/Binaries/Win64/
LogInit: Rocket: 1
[2015.05.04-19.38.27:351][  0]LogTaskGraph: Started task graph with 3 named threads and 4 total threads.
[2015.05.04-19.38.27:388][  0]LogOnline:Warning: No default platform service specified for OnlineSubsystem
[2015.05.04-19.38.27:404][  0]LogInit: Presizing for 0 objects not considered by GC, pre-allocating 0 bytes.
[2015.05.04-19.38.27:418][  0]LogInit: Object subsystem initialized
[2015.05.04-19.38.27:420][  0]LogConsoleResponse:Warning: Skipping Unknown console variable: 'TranslucentSortAxis = (X=0.000000,Y=-1.000000,Z=0.000000)'
[2015.05.04-19.38.27:420][  0]LogConsoleResponse:Warning:   Found in ini file 'C:/Users/Asus/Documents/Unreal Projects/BananaCo2/Saved/Config/Windows/Engine.ini', in section '[/Script/Engine.RendererSettings]'
[2015.05.04-19.38.27:420][  0]LogConsoleResponse:Warning: Skipping Unknown console variable: 'UIScaleRule = ShortestSide'
[2015.05.04-19.38.27:420][  0]LogConsoleResponse:Warning:   Found in ini file 'C:/Users/Asus/Documents/Unreal Projects/BananaCo2/Saved/Config/Windows/Engine.ini', in section '[/Script/Engine.RendererSettings]'
[2015.05.04-19.38.27:420][  0]LogConsoleResponse:Warning: Skipping Unknown console variable: 'UIScaleCurve = (EditorCurveData=(Keys=),ExternalCurve=None)'
[2015.05.04-19.38.27:420][  0]LogConsoleResponse:Warning:   Found in ini file 'C:/Users/Asus/Documents/Unreal Projects/BananaCo2/Saved/Config/Windows/Engine.ini', in section '[/Script/Engine.RendererSettings]'
[2015.05.04-19.38.27:420][  0]LogInit: Selected Device Profile: [Windows]
[2015.05.04-19.38.27:420][  0]LogInit: Applying CVar settings loaded from the selected device profile: [Windows]
[2015.05.04-19.38.27:426][  0]LogInit: Computer: ASUSNB
[2015.05.04-19.38.27:426][  0]LogInit: User: CommanderB95
[2015.05.04-19.38.27:426][  0]LogInit: CPU Page size=4096, Cores=2
[2015.05.04-19.38.27:426][  0]LogInit: High frequency timer resolution =2.338340 MHz
[2015.05.04-19.38.27:426][  0]LogMemory: Memory total: Physical=7.9GB (8GB approx) Virtual=131072.0GB
[2015.05.04-19.38.27:427][  0]LogMemory: Platform Memory Stats for Windows
[2015.05.04-19.38.27:427][  0]LogMemory: Process Physical Memory: 46.12 MB used, 46.12 MB peak
[2015.05.04-19.38.27:427][  0]LogMemory: Process Virtual Memory: 28.36 MB used, 28.37 MB peak
[2015.05.04-19.38.27:427][  0]LogMemory: Physical Memory: 3369.90 MB used, 8075.18 MB total
[2015.05.04-19.38.27:427][  0]LogMemory: Virtual Memory: 293.57 MB used, 134217728.00 MB total
[2015.05.04-19.38.27:483][  0]LogD3D11RHI: Found D3D11 adapter 0: Intel(R) HD Graphics Family (Feature Level 11_0)
[2015.05.04-19.38.27:483][  0]LogD3D11RHI: Adapter has 32MB of dedicated video memory, 0MB of dedicated system memory, and 1760MB of shared system memory, 1 output[s]
[2015.05.04-19.38.27:506][  0]LogD3D11RHI: Found D3D11 adapter 1: NVIDIA GeForce GT 745M   (Feature Level 11_0)
[2015.05.04-19.38.27:506][  0]LogD3D11RHI: Adapter has 1990MB of dedicated video memory, 0MB of dedicated system memory, and 2048MB of shared system memory, 0 output[s]
[2015.05.04-19.38.27:507][  0]LogD3D11RHI: Found D3D11 adapter 2: Microsoft Basic Render Driver (Feature Level 11_0)
[2015.05.04-19.38.27:507][  0]LogD3D11RHI: Adapter has 0MB of dedicated video memory, 0MB of dedicated system memory, and 256MB of shared system memory, 0 output[s]
[2015.05.04-19.38.27:507][  0]LogD3D11RHI: Chosen D3D11 Adapter Id = 0
[2015.05.04-19.38.27:517][  0]LogRHI: Texture pool is 1361 MB (70% of 1945 MB)
[2015.05.04-19.38.27:534][  0]LogD3D11RHI: Async texture creation enabled
[2015.05.04-19.38.27:639][  0]LogTextLocalizationManager: The requested culture ('pt_PT') has no localization data; falling back to 'en' for localization and internationalization data.
[2015.05.04-19.38.27:752][  0]LogTextLocalizationManager:Warning: Loading localization resources contain conflicting entries for (Namespace:UICommands, Key:Save_ToolTip):
Resource: (D:/Epic Games/4.7/Engine/Content/Localization/Editor/en/Editor.locres) Hash: (-29098895) String: (Saves the current level to disk)
Resource: (D:/Epic Games/4.7/Engine/Content/Localization/Engine/en/Engine.locres) Hash: (-1280300587) String: (Save selected data to vlog file)
[2015.05.04-19.38.27:752][  0]LogTextLocalizationManager:Warning: Loading localization resources contain conflicting entries for (Namespace:ContentBrowser, Key:ImportAssetToolTip):
Resource: (D:/Epic Games/4.7/Engine/Content/Localization/Editor/en/Editor.locres) Hash: (-630476809) String: (Import to {0}...)
Resource: (D:/Epic Games/4.7/Engine/Content/Localization/Editor/en/Editor.locres) Hash: (1271782899) String: (Imports an asset from file to this folder.)
[2015.05.04-19.38.27:862][  0]LogContentStreaming: Texture pool size is 0.000000MB
[2015.05.04-19.38.35:759][  0]LogTargetPlatformManager:Display: Building Assets For Windows
[2015.05.04-19.38.37:354][  0]LogTargetPlatformManager:Display: Building Assets For Windows
[2015.05.04-19.38.37:609][  0]LogDerivedDataCache:Display: Max Cache Size: 512 MB
[2015.05.04-19.38.38:155][  0]LogDerivedDataCache: Loaded boot cache 0.52s 39MB C:/Users/Asus/AppData/Local/UnrealEngine/4.7/DerivedDataCache/Boot.ddc.
[2015.05.04-19.38.38:155][  0]LogDerivedDataCache:Display: Loaded Boot cache: C:/Users/Asus/AppData/Local/UnrealEngine/4.7/DerivedDataCache/Boot.ddc
[2015.05.04-19.38.38:155][  0]LogDerivedDataCache: FDerivedDataBackendGraph:  Pak pak cache file C:/Users/Asus/Documents/Unreal Projects/BananaCo2/DerivedDataCache/DDC.ddp not found, will not use a pak cache.
[2015.05.04-19.38.38:155][  0]LogDerivedDataCache: Unable to find inner node Pak for hierarchical cache Hierarchy.
[2015.05.04-19.38.38:402][  0]LogDerivedDataCache:Display: Pak cache opened for reading ../../../Engine/DerivedDataCache/Compressed.ddp.
[2015.05.04-19.38.38:443][  0]LogDerivedDataCache: Using Local data cache path C:/Users/Asus/AppData/Local/UnrealEngine/Common/DerivedDataCache: Writable
[2015.05.04-19.38.55:251][  0]LogMeshUtilities: No automatic mesh reduction module available
[2015.05.04-19.38.55:251][  0]LogMeshUtilities: No automatic mesh merging module available
[2015.05.04-19.39.02:384][  0]LogInit: WinSock: version 1.1 (2.2), MaxSocks=32767, MaxUdp=65467
[2015.05.04-19.39.03:077][  0]LogSlate:Warning: Failed to load font data from '../../../Engine/Content/Slate/Fonts/Roboto-Italic.ttf'
[2015.05.04-19.39.16:086][  0]UdpMessaging: Initializing bridge on interface 0.0.0.0:0 to multicast group 230.0.0.1:6666.
[2015.05.04-19.39.17:005][  0]SourceControl: Info Source control is disabled
[2015.05.04-19.39.17:024][  0]SourceControl: Info Source control is disabled
[2015.05.04-19.39.17:024][  0]SourceControl: Info Source control is disabled
[2015.05.04-19.39.17:024][  0]LogSourceControl: RunCommandInternalRaw: 'git version'
[2015.05.04-19.39.17:024][  0]LogSourceControl: RunCommandInternalRaw: ExecProcess ReturnCode=2 OutResults=''
[2015.05.04-19.39.17:036][  0]SourceControl: Info Source control is disabled
[2015.05.04-19.39.17:872][  0]LogObj: 24232 objects as part of root set at end of initial load.
[2015.05.04-19.39.17:872][  0]LogUObjectAllocator: 5137176 out of 0 bytes used by permanent object pool.
[2015.05.04-19.39.18:872][  0]LogEngine: Initializing Engine...
[2015.05.04-19.39.21:951][  0]LogInit: XAudio2 using 'Speakers (Realtek High Definition Audio)' : 2 channels at 48 kHz using 32 bits per sample (channel mask 0x3)
[2015.05.04-19.39.21:986][  0]LogInit: FAudioDevice initialized.
[2015.05.04-19.39.22:736][  0]LogAIModule: Creating AISystem for world NewWorld
[2015.05.04-19.39.22:951][  0]LogDerivedDataCache: Saved boot cache 0.07s 39MB C:/Users/Asus/AppData/Local/UnrealEngine/4.7/DerivedDataCache/Boot.ddc.
[2015.05.04-19.39.23:123][  0]LogInit: Texture streaming: Enabled
[2015.05.04-19.39.23:924][  0]LogAnalytics: Creating configured Analytics provider AnalyticsET
[2015.05.04-19.39.23:924][  0]LogAnalytics: ET APIKey = Rocket.Release. APIServer = http://et2.epicgames.com/ET2/. AppVersion = 4.7.6-2513093+++depot+UE4-Releases+4.7
[2015.05.04-19.39.23:924][  0]LogAnalytics: ET APIKey = Rocket.Release. DataRouterUploadURL = https://datarouter-public-service-gamedev.ol.epicgames.net/datarouter/api/v1/public/data. AppVersion = 4.7.6-2513093+++depot+UE4-Releases+4.7
[2015.05.04-19.39.23:924][  0]LogAnalytics: SetUserId d65acd3642554565ee7721903fbb8f5f|f8daa130135145a48eec102745531689|44cc4c6b-42ff-41e0-a96a-cbac31ae2b44
[2015.05.04-19.39.23:968][  0]LogAnalytics: AnalyticsET::StartSession [Rocket.Release]
[2015.05.04-19.39.24:094][  0]LogInit: Transaction tracking system initialized
[2015.05.04-19.39.25:082][  0]BlueprintLog: New page: Editor Load
[2015.05.04-19.39.25:174][  0]LogAssetRegistry: FAssetRegistry took 0.0113 seconds to start up
[2015.05.04-19.39.25:175][  0]LogDirectoryWatcher:Warning: Failed to begin reading directory changes for ../../../Engine/Plugins/Experimental/CharacterAI/Content/. Error: 0
[2015.05.04-19.39.28:568][  0]LogTargetPlatformManager:Display: Building Assets For Windows
[2015.05.04-19.39.29:137][  0]LogTargetPlatformManager:Display: Building Assets For Windows
[2015.05.04-19.39.30:132][  0]LogSlate:Warning: Failed to load font data from '../../../Engine/Content/Editor/Slate/Fonts/Roboto-Regular.ttf'
[2015.05.04-19.39.30:132][  0]LogSlate:Warning: Failed to load font data from '../../../Engine/Content/Editor/Slate/Fonts/Roboto-Bold.ttf'
[2015.05.04-19.39.30:234][  0]LogConsoleResponse:Display: 
[2015.05.04-19.39.31:730][  0]LogCook:Display: Done creating registry. It took  0.00s.
[2015.05.04-19.39.32:526][  0]SourceControl: Info Source control is disabled
[2015.05.04-19.39.32:567][  0]Cmd: MAP LOAD FILE="C:/Users/Asus/Documents/Unreal Projects/BananaCo2/Content/StarterContent/Maps/Minimal_Default.umap" TEMPLATE=0 SHOWPROGRESS=1 FEATURELEVEL=3
[2015.05.04-19.39.32:568][  0]LogEditorServer:Warning: Can't find file 'C:/Users/Asus/Documents/Unreal Projects/BananaCo2/Content/StarterContent/Maps/Minimal_Default.umap'
[2015.05.04-19.39.32:568][  0]Cmd: MAP CHECKDEP
[2015.05.04-19.39.32:585][  0]MapCheck: New page: Untitled_0 - May 4, 2015, 9:39:32 PM
[2015.05.04-19.39.32:739][  0]MapCheck: Info Map check complete: 0 Error(s), 0 Warning(s), took 169.975ms to complete.
[2015.05.04-19.39.32:828][  0]LogFileHelpers: Loading map 'Minimal_Default' took 0.274
[2015.05.04-19.39.33:954][  0]LogCollectionManager: Loaded 0 collections in 0.001829 seconds
[2015.05.04-19.39.34:007][  0]LogContentBrowser: Native class hierarchy populated in 0.0408 seconds. Added 1696 classes and 261 folders.
[2015.05.04-19.39.34:749][  0]LogContentBrowser: Native class hierarchy updated for 'SceneOutliner' in 0.0020 seconds. Added 1 classes and 2 folders.
[2015.05.04-19.39.36:621][  0]LogCrashTracker: Crashtracker disabled due to settings.
[2015.05.04-19.39.36:644][  0]LogSlate:Warning: Failed to load font data from 'Veranda'
[2015.05.04-19.39.36:799][  0]LogUObjectGlobals:Warning: Failed to find object 'Class None.'
[2015.05.04-19.39.36:913][  0]LogLoad: Full Startup: 72.51 seconds (BP compile: 0.27 seconds)
[2015.05.04-19.39.37:491][  0]LogContentBrowser:Verbose: The content browser source was changed by the sources view to '/Game/DemoRoom/Meshes'
[2015.05.04-19.39.38:568][  0]LogRenderer:Warning: Reallocating scene render targets to support 32x32 (Frame:2).
[2015.05.04-19.39.39:517][  0]LogRenderer:Warning: Reallocating scene render targets to support 776x616 (Frame:3).
[2015.05.04-19.39.41:792][  7]LogAssetRegistry: Asset discovery search completed in 16.6299 seconds
[2015.05.04-19.39.46:981][171]LogContentBrowser:Verbose: The content browser source was changed by the sources view to '/Game/Blueprints'
[2015.05.04-19.39.52:038][265]LogBlueprint:Warning: [compiler] Warning InputAction Event references unknown Action 'Crouch' for  InputAction Crouch 
[2015.05.04-19.39.52:055][265]LogBlueprint:Warning: [compiler] Warning [0087.65] Compile of ASP_Character successful, but with 1 Warning(s) [in 60 ms]
[2015.05.04-19.39.52:055][265]LogBlueprint:Warning: [compiler] Warning [0087.65] Compile of ASP_Character successful, but with 2 Warning(s) [in 0 ms]
[2015.05.04-19.39.52:056][265]LogBlueprint:Warning: [compiler] Warning [0087.65] Compile of ASP_Character successful, but with 3 Warning(s) [in 0 ms]
[2015.05.04-19.39.52:056][265]LogBlueprint:Warning: [compiler] Warning [0087.65] Compile of ASP_Character successful, but with 4 Warning(s) [in 0 ms]
[2015.05.04-19.39.53:555][265]LogBlueprint:Warning: [compiler] Warning InputAction Event references unknown Action 'Crouch' for  InputAction Crouch 
[2015.05.04-19.39.53:573][265]LogBlueprint:Warning: [compiler] Warning [0089.17] Compile of ASP_Character successful, but with 1 Warning(s) [in 53 ms]
[2015.05.04-19.39.53:574][265]LogBlueprint:Warning: [compiler] Warning [0089.17] Compile of ASP_Character successful, but with 2 Warning(s) [in 0 ms]
[2015.05.04-19.40.33:498][971]LogActorComponent: UnregisterComponent: (/Engine/Transient.CharMoveComp) Not registered. Aborting.
[2015.05.04-19.40.33:685][971]LogParticles: Destroying 0 GPU particle simulations for FXSystem 0x000000EC2A7BCB80
[2015.05.04-19.40.36:062][972]Cmd: QUIT_EDITOR
[2015.05.04-19.40.36:459][972]LogExit: Preparing to exit.
[2015.05.04-19.40.37:379][972]LogExit: Editor shut down
[2015.05.04-19.40.37:380][972]LogParticles: Destroying 0 GPU particle simulations for FXSystem 0x000000EC1DC62980
[2015.05.04-19.40.37:380][972]LogExit: Transaction tracking system shut down
[2015.05.04-19.40.37:381][972]LogParticles: Destroying 0 GPU particle simulations for FXSystem 0x000000EC1BB677E0
[2015.05.04-19.40.37:381][972]LogParticles: Destroying 0 GPU particle simulations for FXSystem 0x000000EC220EAD40
[2015.05.04-19.40.37:383][972]LogParticles: Destroying 0 GPU particle simulations for FXSystem 0x000000EC310CC360
[2015.05.04-19.40.37:745][972]LogExit: Object subsystem successfully closed.
[2015.05.04-19.40.38:121][972]LogModuleManager: Shutting down and abandoning module CrashTracker (176)
[2015.05.04-19.40.38:122][972]LogModuleManager: Shutting down and abandoning module SuperSearch (175)
[2015.05.04-19.40.38:122][972]LogModuleManager: Shutting down and abandoning module SceneOutliner (174)
[2015.05.04-19.40.38:135][972]LogModuleManager: Shutting down and abandoning module EditorWidgets (173)
[2015.05.04-19.40.38:135][972]LogModuleManager: Shutting down and abandoning module CollectionManager (172)
[2015.05.04-19.40.38:135][972]LogModuleManager: Shutting down and abandoning module FoliageEdit (171)
[2015.05.04-19.40.38:136][972]LogModuleManager: Shutting down and abandoning module LandscapeEditor (170)
[2015.05.04-19.40.38:152][972]LogModuleManager: Shutting down and abandoning module MeshPaint (169)
[2015.05.04-19.40.38:152][972]LogModuleManager: Shutting down and abandoning module ActorPickerMode (168)
[2015.05.04-19.40.38:152][972]LogModuleManager: Shutting down and abandoning module GeometryMode (167)
[2015.05.04-19.40.38:152][972]LogModuleManager: Shutting down and abandoning module TextureAlignMode (166)
[2015.05.04-19.40.38:152][972]LogModuleManager: Shutting down and abandoning module BspMode (165)
[2015.05.04-19.40.38:152][972]LogModuleManager: Shutting down and abandoning module PlacementMode (164)
[2015.05.04-19.40.38:152][972]LogModuleManager: Shutting down and abandoning module AutomationWorker (163)
[2015.05.04-19.40.38:152][972]LogModuleManager: Shutting down and abandoning module CharacterAI (162)
[2015.05.04-19.40.38:152][972]LogModuleManager: Shutting down and abandoning module SmartSnapping (161)
[2015.05.04-19.40.38:152][972]LogModuleManager: Shutting down and abandoning module ViewportSnapping (160)
[2015.05.04-19.40.38:152][972]LogModuleManager: Shutting down and abandoning module LogVisualizer (159)
[2015.05.04-19.40.38:152][972]LogModuleManager: Shutting down and abandoning module GameProjectGeneration (158)
[2015.05.04-19.40.38:152][972]LogModuleManager: Shutting down and abandoning module IntroTutorials (157)
[2015.05.04-19.40.38:152][972]LogModuleManager: Shutting down and abandoning module EditorLiveStreaming (156)
[2015.05.04-19.40.38:152][972]LogModuleManager: Shutting down and abandoning module HardwareTargeting (155)
[2015.05.04-19.40.38:152][972]LogModuleManager: Shutting down and abandoning module DeviceProfileEditor (154)
[2015.05.04-19.40.38:152][972]LogModuleManager: Shutting down and abandoning module UndoHistory (153)
[2015.05.04-19.40.38:153][972]LogModuleManager: Shutting down and abandoning module GameplayTagsEditor (152)
[2015.05.04-19.40.38:153][972]LogModuleManager: Shutting down and abandoning module UserFeedback (151)
[2015.05.04-19.40.38:153][972]LogModuleManager: Shutting down and abandoning module XmlParser (150)
[2015.05.04-19.40.38:153][972]LogModuleManager: Shutting down and abandoning module Blutility (149)
[2015.05.04-19.40.38:153][972]LogModuleManager: Shutting down and abandoning module IOSPlatformEditor (148)
[2015.05.04-19.40.38:153][972]LogModuleManager: Shutting down and abandoning module IOSRuntimeSettings (147)
[2015.05.04-19.40.38:153][972]LogModuleManager: Shutting down and abandoning module AndroidDeviceDetection (146)
[2015.05.04-19.40.38:292][972]LogModuleManager: Shutting down and abandoning module AndroidPlatformEditor (145)
[2015.05.04-19.40.38:292][972]LogModuleManager: Shutting down and abandoning module AndroidRuntimeSettings (144)
[2015.05.04-19.40.38:292][972]LogModuleManager: Shutting down and abandoning module ProjectTargetPlatformEditor (143)
[2015.05.04-19.40.38:292][972]LogModuleManager: Shutting down and abandoning module ProjectSettingsViewer (142)
[2015.05.04-19.40.38:292][972]LogModuleManager: Shutting down and abandoning module InputBindingEditor (141)
[2015.05.04-19.40.38:292][972]LogModuleManager: Shutting down and abandoning module EditorSettingsViewer (140)
[2015.05.04-19.40.38:292][972]LogModuleManager: Shutting down and abandoning module SettingsEditor (139)
[2015.05.04-19.40.38:292][972]LogModuleManager: Shutting down and abandoning module ProjectLauncher (138)
[2015.05.04-19.40.38:292][972]LogModuleManager: Shutting down and abandoning module SessionFrontend (137)
[2015.05.04-19.40.38:292][972]LogModuleManager: Shutting down and abandoning module ProfilerClient (136)
[2015.05.04-19.40.38:292][972]LogModuleManager: Shutting down and abandoning module TargetDeviceServices (135)
[2015.05.04-19.40.38:292][972]LogModuleManager: Shutting down and abandoning module DeviceManager (134)
[2015.05.04-19.40.38:292][972]LogModuleManager: Shutting down and abandoning module AutomationController (133)
[2015.05.04-19.40.38:292][972]LogModuleManager: Shutting down and abandoning module AutomationWindow (132)
[2015.05.04-19.40.38:313][972]LogModuleManager: Shutting down and abandoning module Layers (131)
[2015.05.04-19.40.38:331][972]LogModuleManager: Shutting down and abandoning module ComponentVisualizers (130)
[2015.05.04-19.40.38:331][972]LogModuleManager: Shutting down and abandoning module DetailCustomizations (129)
[2015.05.04-19.40.38:331][972]LogModuleManager: Shutting down and abandoning module PackagesDialog (128)
[2015.05.04-19.40.38:332][972]LogModuleManager: Shutting down and abandoning module AssetRegistry (127)
[2015.05.04-19.40.38:393][972]LogModuleManager: Shutting down and abandoning module Persona (126)
[2015.05.04-19.40.38:420][972]LogModuleManager: Shutting down and abandoning module SlateReflector (125)
[2015.05.04-19.40.38:434][972]LogModuleManager: Shutting down and abandoning module LevelEditor (124)
[2015.05.04-19.40.38:435][972]LogModuleManager: Shutting down and abandoning module Kismet (123)
[2015.05.04-19.40.38:435][972]LogModuleManager: Shutting down and abandoning module GraphEditor (122)
[2015.05.04-19.40.38:435][972]LogModuleManager: Shutting down and abandoning module ClassViewer (121)
[2015.05.04-19.40.38:435][972]LogModuleManager: Shutting down and abandoning module Toolbox (120)
[2015.05.04-19.40.38:435][972]LogModuleManager: Shutting down and abandoning module ModuleUI (119)
[2015.05.04-19.40.38:435][972]LogModuleManager: Shutting down and abandoning module MovieSceneTools (118)
[2015.05.04-19.40.38:435][972]LogModuleManager: Shutting down and abandoning module OutputLog (117)
[2015.05.04-19.40.38:435][972]LogModuleManager: Shutting down and abandoning module GammaUI (116)
[2015.05.04-19.40.38:435][972]LogModuleManager: Shutting down and abandoning module Documentation (115)
[2015.05.04-19.40.38:435][972]LogModuleManager: Shutting down and abandoning module GameLiveStreaming (114)
[2015.05.04-19.40.38:435][972]LogModuleManager: Shutting down and abandoning module StreamingPauseRendering (113)
[2015.05.04-19.40.38:435][972]LogModuleManager: Shutting down and abandoning module HTTP (112)
[2015.05.04-19.40.38:436][972]LogModuleManager: Shutting down and abandoning module AnalyticsET (111)
[2015.05.04-19.40.38:436][972]LogModuleManager: Shutting down and abandoning module Analytics (110)
[2015.05.04-19.40.38:436][972]LogModuleManager: Shutting down and abandoning module AITestSuite (109)
[2015.05.04-19.40.38:436][972]LogModuleManager: Shutting down and abandoning module GameplayDebugger (108)
[2015.05.04-19.40.38:436][972]LogModuleManager: Shutting down and abandoning module AIModule (107)
[2015.05.04-19.40.38:436][972]LogModuleManager: Shutting down and abandoning module ProfilerService (106)
[2015.05.04-19.40.38:453][972]LogModuleManager: Shutting down and abandoning module TaskGraph (105)
[2015.05.04-19.40.38:471][972]LogModuleManager: Shutting down and abandoning module SlateRemote (104)
[2015.05.04-19.40.38:471][972]LogModuleManager: Shutting down and abandoning module ScriptEditorPlugin (103)
[2015.05.04-19.40.38:471][972]LogModuleManager: Shutting down and abandoning module CustomMeshComponent (102)
[2015.05.04-19.40.38:471][972]LogModuleManager: Shutting down and abandoning module CableComponent (101)
[2015.05.04-19.40.38:471][972]LogModuleManager: Shutting down and abandoning module MessagingDebugger (100)
[2015.05.04-19.40.38:497][972]LogModuleManager: Shutting down and abandoning module MediaPlayerEditor (99)
[2015.05.04-19.40.38:497][972]LogModuleManager: Shutting down and abandoning module SpeedTreeImporter (98)
[2015.05.04-19.40.38:497][972]LogModuleManager: Shutting down and abandoning module PluginsEditor (97)
[2015.05.04-19.40.38:497][972]LogModuleManager: Shutting down and abandoning module MainFrame (96)
[2015.05.04-19.40.38:497][972]LogModuleManager: Shutting down and abandoning module EpicSurvey (95)
[2015.05.04-19.40.38:497][972]LogModuleManager: Shutting down and abandoning module DesktopPlatform (94)
[2015.05.04-19.40.38:497][972]LogModuleManager: Shutting down and abandoning module DirectoryWatcher (93)
[2015.05.04-19.40.38:497][972]LogModuleManager: Shutting down and abandoning module HotReload (92)
[2015.05.04-19.40.38:498][972]LogModuleManager: Shutting down and abandoning module VisualStudioSourceCodeAccess (91)
[2015.05.04-19.40.38:498][972]LogModuleManager: Shutting down and abandoning module UObjectPlugin (90)
[2015.05.04-19.40.38:499][972]LogModuleManager: Shutting down and abandoning module SubversionSourceControl (89)
[2015.05.04-19.40.38:499][972]LogModuleManager: Shutting down and abandoning module PerforceSourceControl (88)
[2015.05.04-19.40.38:499][972]LogModuleManager: Shutting down and abandoning module SourceControl (87)
[2015.05.04-19.40.38:499][972]LogModuleManager: Shutting down and abandoning module GitSourceControl (86)
[2015.05.04-19.40.38:499][972]LogModuleManager: Shutting down and abandoning module BlankPlugin (85)
[2015.05.04-19.40.38:499][972]LogModuleManager: Shutting down and abandoning module PaperTiledImporter (84)
[2015.05.04-19.40.38:499][972]LogModuleManager: Shutting down and abandoning module PaperJsonImporter (83)
[2015.05.04-19.40.38:499][972]LogModuleManager: Shutting down and abandoning module ContentBrowser (82)
[2015.05.04-19.40.38:501][972]LogModuleManager: Shutting down and abandoning module Paper2DEditor (81)
[2015.05.04-19.40.38:502][972]LogModuleManager: Shutting down and abandoning module ScriptPlugin (80)
[2015.05.04-19.40.38:518][972]LogModuleManager: Shutting down and abandoning module UdpMessaging (79)
[2015.05.04-19.40.38:619][972]LogModuleManager: Shutting down and abandoning module Paper2D (78)
[2015.05.04-19.40.38:619][972]LogModuleManager: Shutting down and abandoning module WindowsMoviePlayer (77)
[2015.05.04-19.40.38:622][972]LogModuleManager: Shutting down and abandoning module Media (76)
[2015.05.04-19.40.38:622][972]LogModuleManager: Shutting down and abandoning module WmfMedia (75)
[2015.05.04-19.40.38:645][972]LogModuleManager: Shutting down and abandoning module OnlineBlueprintSupport (74)
[2015.05.04-19.40.38:645][972]LogModuleManager: Shutting down and abandoning module PropertyEditor (73)
[2015.05.04-19.40.38:645][972]LogModuleManager: Shutting down and abandoning module BehaviorTreeEditor (72)
[2015.05.04-19.40.38:682][972]LogModuleManager: Shutting down and abandoning module FunctionalTesting (71)
[2015.05.04-19.40.38:682][972]LogModuleManager: Shutting down and abandoning module CollisionAnalyzer (70)
[2015.05.04-19.40.38:682][972]LogModuleManager: Shutting down and abandoning module WorkspaceMenuStructure (69)
[2015.05.04-19.40.38:682][972]LogModuleManager: Shutting down and abandoning module MessageLog (68)
[2015.05.04-19.40.38:682][972]LogModuleManager: Shutting down and abandoning module Sequencer (67)
[2015.05.04-19.40.38:726][972]LogModuleManager: Shutting down and abandoning module AssetTools (66)
[2015.05.04-19.40.38:740][972]LogModuleManager: Shutting down and abandoning module UMGEditor (65)
[2015.05.04-19.40.38:751][972]LogModuleManager: Shutting down and abandoning module UMG (64)
[2015.05.04-19.40.38:751][972]LogModuleManager: Shutting down and abandoning module Slate (63)
[2015.05.04-19.40.38:751][972]LogModuleManager: Shutting down and abandoning module EditorStyle (62)
[2015.05.04-19.40.38:758][972]LogModuleManager: Shutting down and abandoning module SessionServices (61)
[2015.05.04-19.40.38:758][972]LogModuleManager: Shutting down and abandoning module SourceCodeAccess (60)
[2015.05.04-19.40.38:758][972]LogModuleManager: Shutting down and abandoning module HeadMountedDisplay (59)
[2015.05.04-19.40.38:758][972]LogModuleManager: Shutting down and abandoning module XAudio2 (58)
[2015.05.04-19.40.38:758][972]LogModuleManager: Shutting down and abandoning module Networking (56)
[2015.05.04-19.40.38:758][972]LogModuleManager: Shutting down and abandoning module Core (55)
[2015.05.04-19.40.38:758][972]LogModuleManager: Shutting down and abandoning module KismetCompiler (54)
[2015.05.04-19.40.38:758][972]LogModuleManager: Shutting down and abandoning module PhysXFormats (53)
[2015.05.04-19.40.38:758][972]LogModuleManager: Shutting down and abandoning module MeshUtilities (52)
[2015.05.04-19.40.38:773][972]LogModuleManager: Shutting down and abandoning module DerivedDataCache (51)
[2015.05.04-19.40.38:812][972]LogDerivedDataCache: Shutdown
[2015.05.04-19.40.38:812][972]LogModuleManager: Shutting down and abandoning module ShaderFormatOpenGL (50)
[2015.05.04-19.40.38:812][972]LogModuleManager: Shutting down and abandoning module ShaderFormatD3D (49)
[2015.05.04-19.40.38:812][972]LogModuleManager: Shutting down and abandoning module MetalShaderFormat (48)
[2015.05.04-19.40.38:812][972]LogModuleManager: Shutting down and abandoning module TextureFormatUncompressed (47)
[2015.05.04-19.40.38:812][972]LogModuleManager: Shutting down and abandoning module TextureFormatPVR (46)
[2015.05.04-19.40.38:812][972]LogModuleManager: Shutting down and abandoning module TextureFormatIntelISPCTexComp (45)
[2015.05.04-19.40.38:812][972]LogModuleManager: Shutting down and abandoning module TextureFormatDXT (44)
[2015.05.04-19.40.38:812][972]LogModuleManager: Shutting down and abandoning module ImageWrapper (43)
[2015.05.04-19.40.38:812][972]LogModuleManager: Shutting down and abandoning module TextureFormatASTC (42)
[2015.05.04-19.40.38:812][972]LogModuleManager: Shutting down and abandoning module TextureFormatAndroid (41)
[2015.05.04-19.40.38:812][972]LogModuleManager: Shutting down and abandoning module AudioFormatOpus (40)
[2015.05.04-19.40.38:812][972]LogModuleManager: Shutting down and abandoning module AudioFormatOgg (39)
[2015.05.04-19.40.38:812][972]LogModuleManager: Shutting down and abandoning module AudioFormatADPCM (38)
[2015.05.04-19.40.38:812][972]LogModuleManager: Shutting down and abandoning module LinuxTargetPlatform (37)
[2015.05.04-19.40.38:812][972]LogModuleManager: Shutting down and abandoning module LinuxServerTargetPlatform (36)
[2015.05.04-19.40.38:812][972]LogModuleManager: Shutting down and abandoning module LinuxNoEditorTargetPlatform (35)
[2015.05.04-19.40.38:812][972]LogModuleManager: Shutting down and abandoning module Messaging (34)
[2015.05.04-19.40.38:812][972]LogModuleManager: Shutting down and abandoning module IOSTargetPlatform (33)
[2015.05.04-19.40.38:812][972]LogModuleManager: Shutting down and abandoning module HTML5TargetPlatform (32)
[2015.05.04-19.40.38:812][972]LogModuleManager: Shutting down and abandoning module Android_PVRTCTargetPlatform (31)
[2015.05.04-19.40.38:812][972]LogModuleManager: Shutting down and abandoning module Android_ETC2TargetPlatform (30)
[2015.05.04-19.40.38:812][972]LogModuleManager: Shutting down and abandoning module Android_ETC1TargetPlatform (29)
[2015.05.04-19.40.38:812][972]LogModuleManager: Shutting down and abandoning module Android_ES31TargetPlatform (28)
[2015.05.04-19.40.38:812][972]LogModuleManager: Shutting down and abandoning module Android_DXTTargetPlatform (27)
[2015.05.04-19.40.38:812][972]LogModuleManager: Shutting down and abandoning module Android_ATCTargetPlatform (26)
[2015.05.04-19.40.38:812][972]LogModuleManager: Shutting down and abandoning module AndroidTargetPlatform (25)
[2015.05.04-19.40.38:812][972]LogModuleManager: Shutting down and abandoning module WindowsTargetPlatform (24)
[2015.05.04-19.40.38:812][972]LogModuleManager: Shutting down and abandoning module WindowsServerTargetPlatform (23)
[2015.05.04-19.40.38:812][972]LogModuleManager: Shutting down and abandoning module WindowsNoEditorTargetPlatform (22)
[2015.05.04-19.40.38:812][972]LogModuleManager: Shutting down and abandoning module WindowsClientTargetPlatform (21)
[2015.05.04-19.40.38:812][972]LogModuleManager: Shutting down and abandoning module TargetPlatform (20)
[2015.05.04-19.40.38:812][972]LogModuleManager: Shutting down and abandoning module InputCore (19)
[2015.05.04-19.40.38:812][972]LogModuleManager: Shutting down and abandoning module Settings (18)
[2015.05.04-19.40.38:812][972]LogModuleManager: Shutting down and abandoning module OnlineSubsystem (16)
[2015.05.04-19.40.38:812][972]LogModuleManager: Shutting down and abandoning module OculusRift (15)
[2015.05.04-19.40.38:812][972]LogModuleManager: Shutting down and abandoning module ExampleDeviceProfileSelector (14)
[2015.05.04-19.40.38:812][972]LogModuleManager: Shutting down and abandoning module TextureCompressor (13)
[2015.05.04-19.40.38:812][972]LogModuleManager: Shutting down and abandoning module ShaderCore (12)
[2015.05.04-19.40.38:812][972]LogModuleManager: Shutting down and abandoning module Landscape (11)
[2015.05.04-19.40.38:812][972]LogModuleManager: Shutting down and abandoning module SlateRHIRenderer (10)
[2015.05.04-19.40.38:827][972]LogModuleManager: Shutting down and abandoning module OpenGLDrv (9)
[2015.05.04-19.40.38:827][972]LogModuleManager: Shutting down and abandoning module D3D11RHI (8)
[2015.05.04-19.40.38:827][972]LogModuleManager: Shutting down and abandoning module Renderer (7)
[2015.05.04-19.40.38:827][972]LogModuleManager: Shutting down and abandoning module Engine (6)
[2015.05.04-19.40.38:827][972]LogModuleManager: Shutting down and abandoning module CoreUObject (5)
[2015.05.04-19.40.38:827][972]LogModuleManager: Shutting down and abandoning module NetworkFile (4)
[2015.05.04-19.40.38:827][972]LogModuleManager: Shutting down and abandoning module StreamingFile (3)
[2015.05.04-19.40.38:827][972]LogModuleManager: Shutting down and abandoning module SandboxFile (2)
[2015.05.04-19.40.38:827][972]LogModuleManager: Shutting down and abandoning module PakFile (1)
[2015.05.04-19.40.38:828][972]LogExit: Exiting.
[2015.05.04-19.40.38:836][972]Log file closed, 05/04/15 20:40:38
